03-11-2022 14:18:21 1667459901428 BuildInfo[
                          Build=20210811
                          BuildNumber=20210811
                          Revision=c38011e
                          Version=4.2.2
                          SerialVersion=1
                          Enterprise=false]
03-11-2022 14:18:21 1667459901428 SystemProperties[
                          java.class.path=D:\project\me\vertx\target\classes;C:\Users\VuongBV\.m2\repository\io\vertx\vertx-core\4.3.4\vertx-core-4.3.4.jar;C:\Users\VuongBV\.m2\repository\io\netty\netty-common\4.1.82.Final\netty-common-4.1.82.Final.jar;C:\Users\VuongBV\.m2\repository\io\netty\netty-buffer\4.1.82.Final\netty-buffer-4.1.82.Final.jar;C:\Users\VuongBV\.m2\repository\io\netty\netty-transport\4.1.82.Final\netty-transport-4.1.82.Final.jar;C:\Users\VuongBV\.m2\repository\io\netty\netty-handler\4.1.82.Final\netty-handler-4.1.82.Final.jar;C:\Users\VuongBV\.m2\repository\io\netty\netty-transport-native-unix-common\4.1.82.Final\netty-transport-native-unix-common-4.1.82.Final.jar;C:\Users\VuongBV\.m2\repository\io\netty\netty-codec\4.1.82.Final\netty-codec-4.1.82.Final.jar;C:\Users\VuongBV\.m2\repository\io\netty\netty-handler-proxy\4.1.82.Final\netty-handler-proxy-4.1.82.Final.jar;C:\Users\VuongBV\.m2\repository\io\netty\netty-codec-socks\4.1.82.Final\netty-codec-socks-4.1.82.Final.jar;C:\Users\VuongBV\.m2\repository\io\netty\netty-codec-http\4.1.82.Final\netty-codec-http-4.1.82.Final.jar;C:\Users\VuongBV\.m2\repository\io\netty\netty-codec-http2\4.1.82.Final\netty-codec-http2-4.1.82.Final.jar;C:\Users\VuongBV\.m2\repository\io\netty\netty-resolver\4.1.82.Final\netty-resolver-4.1.82.Final.jar;C:\Users\VuongBV\.m2\repository\io\netty\netty-resolver-dns\4.1.82.Final\netty-resolver-dns-4.1.82.Final.jar;C:\Users\VuongBV\.m2\repository\io\netty\netty-codec-dns\4.1.82.Final\netty-codec-dns-4.1.82.Final.jar;C:\Users\VuongBV\.m2\repository\com\fasterxml\jackson\core\jackson-core\2.13.4\jackson-core-2.13.4.jar;C:\Users\VuongBV\.m2\repository\io\vertx\vertx-web\4.3.4\vertx-web-4.3.4.jar;C:\Users\VuongBV\.m2\repository\io\vertx\vertx-web-common\4.3.4\vertx-web-common-4.3.4.jar;C:\Users\VuongBV\.m2\repository\io\vertx\vertx-auth-common\4.3.4\vertx-auth-common-4.3.4.jar;C:\Users\VuongBV\.m2\repository\io\vertx\vertx-bridge-common\4.3.4\vertx-bridge-common-4.3.4.jar;C:\Users\VuongBV\.m2\repository\io\vertx\vertx-hazelcast\4.3.4\vertx-hazelcast-4.3.4.jar;C:\Users\VuongBV\.m2\repository\com\hazelcast\hazelcast\4.2.2\hazelcast-4.2.2.jar;C:\Users\VuongBV\.m2\repository\com\hazelcast\hazelcast-kubernetes\2.2.3\hazelcast-kubernetes-2.2.3.jar;C:\Users\VuongBV\.m2\repository\io\vertx\vertx-config\4.3.4\vertx-config-4.3.4.jar;C:\Users\VuongBV\.m2\repository\org\flywaydb\flyway-core\6.3.1\flyway-core-6.3.1.jar;C:\Users\VuongBV\.m2\repository\org\postgresql\postgresql\42.2.11\postgresql-42.2.11.jar;C:\Users\VuongBV\.m2\repository\io\vertx\vertx-jdbc-client\4.3.4\vertx-jdbc-client-4.3.4.jar;C:\Users\VuongBV\.m2\repository\io\vertx\vertx-sql-client\4.3.4\vertx-sql-client-4.3.4.jar;C:\Users\VuongBV\.m2\repository\com\mchange\c3p0\0.9.5.5\c3p0-0.9.5.5.jar;C:\Users\VuongBV\.m2\repository\com\mchange\mchange-commons-java\0.2.19\mchange-commons-java-0.2.19.jar;C:\Users\VuongBV\.m2\repository\io\vertx\vertx-dropwizard-metrics\4.3.4\vertx-dropwizard-metrics-4.3.4.jar;C:\Users\VuongBV\.m2\repository\io\dropwizard\metrics\metrics-core\4.2.0\metrics-core-4.2.0.jar;C:\Users\VuongBV\.m2\repository\io\vertx\vertx-pg-client\4.3.4\vertx-pg-client-4.3.4.jar;C:\Users\VuongBV\.m2\repository\io\vertx\vertx-sql-client-templates\4.3.4\vertx-sql-client-templates-4.3.4.jar;C:\Users\VuongBV\.m2\repository\io\vertx\vertx-grpc-server\4.3.4\vertx-grpc-server-4.3.4.jar;C:\Users\VuongBV\.m2\repository\io\vertx\vertx-grpc-common\4.3.4\vertx-grpc-common-4.3.4.jar;C:\Users\VuongBV\.m2\repository\io\grpc\grpc-stub\1.44.0\grpc-stub-1.44.0.jar;C:\Users\VuongBV\.m2\repository\io\vertx\vertx-grpc-client\4.3.4\vertx-grpc-client-4.3.4.jar;C:\Users\VuongBV\.m2\repository\io\vertx\vertx-grpc\4.3.4\vertx-grpc-4.3.4.jar;C:\Users\VuongBV\.m2\repository\io\grpc\grpc-netty\1.47.0\grpc-netty-1.47.0.jar;C:\Users\VuongBV\.m2\repository\io\grpc\grpc-core\1.47.0\grpc-core-1.47.0.jar;C:\Users\VuongBV\.m2\repository\com\google\android\annotations\4.1.1.4\annotations-4.1.1.4.jar;C:\Users\VuongBV\.m2\repository\io\perfmark\perfmark-api\0.25.0\perfmark-api-0.25.0.jar;C:\Users\VuongBV\.m2\repository\io\grpc\grpc-protobuf\1.47.0\grpc-protobuf-1.47.0.jar;C:\Users\VuongBV\.m2\repository\io\grpc\grpc-api\1.47.0\grpc-api-1.47.0.jar;C:\Users\VuongBV\.m2\repository\io\grpc\grpc-context\1.47.0\grpc-context-1.47.0.jar;C:\Users\VuongBV\.m2\repository\com\google\code\findbugs\jsr305\3.0.2\jsr305-3.0.2.jar;C:\Users\VuongBV\.m2\repository\com\google\api\grpc\proto-google-common-protos\2.0.1\proto-google-common-protos-2.0.1.jar;C:\Users\VuongBV\.m2\repository\io\grpc\grpc-protobuf-lite\1.47.0\grpc-protobuf-lite-1.47.0.jar;C:\Users\VuongBV\.m2\repository\com\google\guava\guava\30.1.1-jre\guava-30.1.1-jre.jar;C:\Users\VuongBV\.m2\repository\com\google\guava\failureaccess\1.0.1\failureaccess-1.0.1.jar;C:\Users\VuongBV\.m2\repository\com\google\guava\listenablefuture\9999.0-empty-to-avoid-conflict-with-guava\listenablefuture-9999.0-empty-to-avoid-conflict-with-guava.jar;C:\Users\VuongBV\.m2\repository\org\checkerframework\checker-qual\3.8.0\checker-qual-3.8.0.jar;C:\Users\VuongBV\.m2\repository\com\google\errorprone\error_prone_annotations\2.5.1\error_prone_annotations-2.5.1.jar;C:\Users\VuongBV\.m2\repository\com\google\j2objc\j2objc-annotations\1.3\j2objc-annotations-1.3.jar;C:\Users\VuongBV\.m2\repository\org\apache\logging\log4j\log4j-api\2.13.3\log4j-api-2.13.3.jar;C:\Users\VuongBV\.m2\repository\org\apache\logging\log4j\log4j-core\2.13.3\log4j-core-2.13.3.jar;C:\Users\VuongBV\.m2\repository\org\apache\logging\log4j\log4j-slf4j-impl\2.13.3\log4j-slf4j-impl-2.13.3.jar;C:\Users\VuongBV\.m2\repository\org\slf4j\slf4j-api\1.7.30\slf4j-api-1.7.30.jar;C:\Users\VuongBV\.m2\repository\org\apache\commons\commons-lang3\3.12.0\commons-lang3-3.12.0.jar;C:\Users\VuongBV\.m2\repository\com\google\protobuf\protobuf-java-util\3.5.1\protobuf-java-util-3.5.1.jar;C:\Users\VuongBV\.m2\repository\com\google\protobuf\protobuf-java\3.5.1\protobuf-java-3.5.1.jar;C:\Users\VuongBV\.m2\repository\com\google\code\gson\gson\2.7\gson-2.7.jar
                          java.class.version=52.0
                          java.endorsed.dirs=C:\Program Files\Java\jre1.8.0_341\lib\endorsed
                          java.ext.dirs=C:\Program Files\Java\jre1.8.0_341\lib\ext;C:\Windows\Sun\Java\lib\ext
                          java.home=C:\Program Files\Java\jre1.8.0_341
                          java.io.tmpdir=C:\Users\VuongBV\AppData\Local\Temp\
                          java.library.path=C:\Program Files\Java\jre1.8.0_341\bin;C:\Windows\Sun\Java\bin;C:\Windows\system32;C:\Windows;C:/Program Files/Java/jre1.8.0_341/bin/server;C:/Program Files/Java/jre1.8.0_341/bin;C:/Program Files/Java/jre1.8.0_341/lib/amd64;C:\Program Files\Common Files\Oracle\Java\javapath;C:\Program Files (x86)\Common Files\Oracle\Java\javapath;C:\Program Files (x86)\NetSarang\Xshell 6\;C:\ProgramData\Oracle\Java\javapath;C:\Windows\system32;C:\Windows;C:\Windows\System32\Wbem;C:\Windows\System32\WindowsPowerShell\v1.0\;C:\Windows\System32\OpenSSH\;C:\Program Files\PuTTY\;C:\Program Files\Git\cmd;C:\Program Files\Java\jdk1.8.0_121\bin;D:\tool server\apache-maven-3.6.3\bin;C:\Program Files\Docker\Docker\resources\bin;C:\ProgramData\DockerDesktop\version-bin;C:\Program Files\Microsoft SQL Server\130\Tools\Binn\;C:\Users\VuongBV\AppData\Roaming\nvm;C:\Program Files\nodejs;C:\Users\VuongBV\AppData\Local\Microsoft\WindowsApps;C:\Users\VuongBV\AppData\Local\Programs\Microsoft VS Code\bin;C:\Users\VuongBV\AppData\Roaming\npm;C:\Users\VuongBV\AppData\Roaming\nvm;C:\Program Files\nodejs;C:\Users\VuongBV\Desktop;;.
                          java.runtime.name=Java(TM) SE Runtime Environment
                          java.runtime.version=1.8.0_341-b10
                          java.specification.name=Java Platform API Specification
                          java.specification.vendor=Oracle Corporation
                          java.specification.version=1.8
                          java.vendor=Oracle Corporation
                          java.vendor.url=http://java.oracle.com/
                          java.vendor.url.bug=http://bugreport.sun.com/bugreport/
                          java.version=1.8.0_341
                          java.vm.args=-Dhttp.port=8081 -Dvertx.hazelcast.config=./config/cluster.xml -Dfile.encoding=UTF-8 
                          java.vm.info=mixed mode
                          java.vm.name=Java HotSpot(TM) 64-Bit Server VM
                          java.vm.specification.name=Java Virtual Machine Specification
                          java.vm.specification.vendor=Oracle Corporation
                          java.vm.specification.version=1.8
                          java.vm.vendor=Oracle Corporation
                          java.vm.version=25.341-b10
                          os.arch=amd64
                          os.name=Windows 10
                          os.version=10.0
                          sun.arch.data.model=64
                          sun.boot.class.path=C:\Program Files\Java\jre1.8.0_341\lib\resources.jar;C:\Program Files\Java\jre1.8.0_341\lib\rt.jar;C:\Program Files\Java\jre1.8.0_341\lib\jsse.jar;C:\Program Files\Java\jre1.8.0_341\lib\jce.jar;C:\Program Files\Java\jre1.8.0_341\lib\charsets.jar;C:\Program Files\Java\jre1.8.0_341\lib\jfr.jar;C:\Program Files\Java\jre1.8.0_341\classes
                          sun.boot.library.path=C:\Program Files\Java\jre1.8.0_341\bin
                          sun.cpu.endian=little
                          sun.cpu.isalist=amd64
                          sun.desktop=windows
                          sun.io.unicode.encoding=UnicodeLittle
                          sun.java.command=com.vertx.vuong.MainApplication
                          sun.java.launcher=SUN_STANDARD
                          sun.jnu.encoding=Cp1252
                          sun.management.compiler=HotSpot 64-Bit Tiered Compilers
                          sun.os.patch.level=]
03-11-2022 14:18:21 1667459901428 ConfigProperties[
                          hazelcast.diagnostics.enabled=true
                          hazelcast.discovery.enabled=false
                          hazelcast.mancenter.enabled=false
                          hazelcast.memcache.enabled=false
                          hazelcast.rest.enabled=false
                          hazelcast.shutdownhook.enabled=false
                          hazelcast.wait.seconds.before.join=0]
03-11-2022 14:18:21 1667459901428 Metric[[metric=classloading.totalLoadedClassesCount]=6933]
03-11-2022 14:18:21 1667459901428 Metric[[thread=hz.zealous_borg.partition-operation.thread-0,unit=count,metric=operation.thread.priorityPendingCount]=0]
03-11-2022 14:18:21 1667459901428 Metric[[thread=hz.zealous_borg.partition-operation.thread-0,unit=count,metric=operation.thread.completedRunnableCount]=0]
03-11-2022 14:18:21 1667459901428 Metric[[unit=ns,metric=partitions.elapsedDestinationCommitTime]=0]
03-11-2022 14:18:21 1667459901428 Metric[[unit=count,metric=operation.genericQueueSize]=0]
03-11-2022 14:18:21 1667459901428 Metric[[thread=hz.zealous_borg.priority-generic-operation.thread-0,unit=count,metric=operation.thread.completedPartitionSpecificRunnableCount]=0]
03-11-2022 14:18:21 1667459901428 Metric[[thread=hz.zealous_borg.partition-operation.thread-2,unit=count,metric=operation.thread.normalPendingCount]=0]
03-11-2022 14:18:21 1667459901428 Metric[[unit=count,metric=partitions.replicaSyncSemaphore]=10]
03-11-2022 14:18:21 1667459901428 Metric[[unit=count,metric=operation.genericThreadCount]=4]
03-11-2022 14:18:21 1667459901428 Metric[[thread=hz.zealous_borg.generic-operation.thread-0,unit=count,metric=operation.thread.completedOperationCount]=0]
03-11-2022 14:18:21 1667459901428 Metric[[unit=count,metric=operation.completedCount]=0]
03-11-2022 14:18:21 1667459901428 Metric[[thread=hz.zealous_borg.partition-operation.thread-0,unit=count,metric=operation.thread.completedOperationBatchCount]=0]
03-11-2022 14:18:21 1667459901428 Metric[[thread=hz.zealous_borg.partition-operation.thread-0,unit=count,metric=operation.thread.completedPacketCount]=0]
03-11-2022 14:18:21 1667459901428 Metric[[metric=classloading.unloadedClassesCount]=0]
03-11-2022 14:18:21 1667459901428 Metric[[unit=count,metric=operation.runningPartitionCount]=0]
03-11-2022 14:18:21 1667459901428 Metric[[thread=hz.zealous_borg.partition-operation.thread-1,unit=count,metric=operation.thread.priorityPendingCount]=0]
03-11-2022 14:18:21 1667459901428 Metric[[metric=os.committedVirtualMemorySize]=565755904]
03-11-2022 14:18:21 1667459901428 Metric[[unit=ns,metric=partitions.elapsedMigrationTime]=0]
03-11-2022 14:18:21 1667459901428 Metric[[unit=count,metric=partitions.migrationQueueSize]=0]
03-11-2022 14:18:21 1667459901428 Metric[[unit=count,metric=event.threadCount]=5]
03-11-2022 14:18:21 1667459901428 Metric[[metric=runtime.usedMemory]=19876064]
03-11-2022 14:18:21 1667459901428 Metric[[unit=bytes,metric=memory.maxHeap]=3786407936]
03-11-2022 14:18:21 1667459901428 Metric[[unit=ns,metric=partitions.totalElapsedMigrationTime]=0]
03-11-2022 14:18:21 1667459901428 Metric[[thread=hz.zealous_borg.partition-operation.thread-3,unit=count,metric=operation.thread.normalPendingCount]=0]
03-11-2022 14:18:21 1667459901428 Metric[[unit=ms,metric=cluster.clock.maxClusterTimeDiff]=0]
03-11-2022 14:18:21 1667459901428 Metric[[thread=hz.zealous_borg.generic-operation.thread-1,unit=count,metric=operation.thread.completedOperationCount]=0]
03-11-2022 14:18:21 1667459901428 Metric[[unit=ns,metric=partitions.totalElapsedMigrationOperationTime]=0]
03-11-2022 14:18:21 1667459901428 Metric[[metric=os.processCpuTime]=3734375000]
03-11-2022 14:18:21 1667459901428 Metric[[unit=bytes,metric=memory.committedHeap]=282066944]
03-11-2022 14:18:21 1667459901428 Metric[[thread=hz.zealous_borg.partition-operation.thread-0,unit=count,metric=operation.thread.errorCount]=0]
03-11-2022 14:18:21 1667459901428 Metric[[unit=count,metric=raft.terminatedRaftNodeGroupIds]=0]
03-11-2022 14:18:21 1667459901428 Metric[[thread=hz.zealous_borg.partition-operation.thread-1,unit=count,metric=operation.thread.completedOperationBatchCount]=0]
03-11-2022 14:18:21 1667459901428 Metric[[unit=bytes,metric=memory.freeHeap]=262190880]
03-11-2022 14:18:21 1667459901428 Metric[[thread=hz.zealous_borg.partition-operation.thread-5,unit=count,metric=operation.thread.completedOperationCount]=0]
03-11-2022 14:18:21 1667459901428 Metric[[metric=os.freePhysicalMemorySize]=6302834688]
03-11-2022 14:18:21 1667459901428 Metric[[unit=count,metric=event.totalFailureCount]=0]
03-11-2022 14:18:21 1667459901428 Metric[[thread=hz.zealous_borg.partition-operation.thread-4,unit=count,metric=operation.thread.normalPendingCount]=0]
03-11-2022 14:18:21 1667459901428 Metric[[unit=count,metric=partitions.totalCompletedMigrations]=0]
03-11-2022 14:18:21 1667459901428 Metric[[thread=hz.zealous_borg.generic-operation.thread-2,unit=count,metric=operation.thread.completedOperationCount]=0]
03-11-2022 14:18:21 1667459901428 Metric[[unit=ms,metric=operation.invocations.invocationScanPeriodMillis]=1000]
03-11-2022 14:18:21 1667459901428 Metric[[thread=hz.zealous_borg.partition-operation.thread-2,unit=count,metric=operation.thread.completedOperationBatchCount]=0]
03-11-2022 14:18:21 1667459901428 Metric[[unit=count,metric=operation.responses.backupCount]=0]
03-11-2022 14:18:21 1667459901428 Metric[[thread=hz.zealous_borg.partition-operation.thread-4,unit=count,metric=operation.thread.completedOperationCount]=0]
03-11-2022 14:18:21 1667459901428 Metric[[unit=count,metric=operation.runningGenericCount]=0]
03-11-2022 14:18:21 1667459901428 Metric[[unit=count,metric=raft.metadata.activeMembersCommitIndex]=0]
03-11-2022 14:18:21 1667459901428 Metric[[unit=count,metric=operation.asyncOperations]=0]
03-11-2022 14:18:21 1667459901428 Metric[[thread=hz.zealous_borg.partition-operation.thread-5,unit=count,metric=operation.thread.normalPendingCount]=0]
03-11-2022 14:18:21 1667459901428 Metric[[metric=os.totalSwapSpaceSize]=19586506752]
03-11-2022 14:18:21 1667459901428 Metric[[thread=hz.zealous_borg.priority-generic-operation.thread-0,unit=count,metric=operation.thread.completedTotalCount]=0]
03-11-2022 14:18:21 1667459901428 Metric[[thread=hz.zealous_borg.partition-operation.thread-3,unit=count,metric=operation.thread.completedOperationBatchCount]=0]
03-11-2022 14:18:21 1667459901428 Metric[[unit=ms,metric=gc.minorTime]=9]
03-11-2022 14:18:21 1667459901428 Metric[[thread=hz.zealous_borg.partition-operation.thread-3,unit=count,metric=operation.thread.completedOperationCount]=0]
03-11-2022 14:18:21 1667459901428 Metric[[service=hz:core:clusterService,unit=count,metric=event.publicationCount]=0]
03-11-2022 14:18:21 1667459901428 Metric[[thread=hz.zealous_borg.partition-operation.thread-4,unit=count,metric=operation.thread.priorityPendingCount]=0]
03-11-2022 14:18:21 1667459901428 Metric[[unit=count,metric=event.eventQueueSize]=0]
03-11-2022 14:18:21 1667459901428 Metric[[thread=hz.zealous_borg.generic-operation.thread-2,unit=count,metric=operation.thread.completedPartitionSpecificRunnableCount]=0]
03-11-2022 14:18:21 1667459901428 Metric[[unit=count,metric=operation.callTimeoutCount]=0]
03-11-2022 14:18:21 1667459901428 Metric[[thread=hz.zealous_borg.partition-operation.thread-4,unit=count,metric=operation.thread.completedRunnableCount]=0]
03-11-2022 14:18:21 1667459901428 Metric[[unit=boolean,metric=partitions.migrationActive]=1]
03-11-2022 14:18:21 1667459901428 Metric[[thread=hz.zealous_borg.partition-operation.thread-0,unit=count,metric=operation.thread.completedPartitionSpecificRunnableCount]=0]
03-11-2022 14:18:21 1667459901428 Metric[[unit=count,metric=client.endpoint.totalRegistrations]=0]
03-11-2022 14:18:21 1667459901428 Metric[[metric=runtime.freeMemory]=260988384]
03-11-2022 14:18:21 1667459901428 Metric[[unit=ms,metric=cluster.heartbeat.lastHeartbeat]=0]
03-11-2022 14:18:21 1667459901428 Metric[[thread=hz.zealous_borg.partition-operation.thread-4,unit=count,metric=operation.thread.completedOperationBatchCount]=0]
03-11-2022 14:18:21 1667459901428 Metric[[thread=hz.zealous_borg.priority-generic-operation.thread-0,unit=count,metric=operation.thread.completedPacketCount]=0]
03-11-2022 14:18:21 1667459901428 Metric[[thread=hz.zealous_borg.partition-operation.thread-2,unit=count,metric=operation.thread.completedOperationCount]=0]
03-11-2022 14:18:21 1667459901428 Metric[[thread=hz.zealous_borg.partition-operation.thread-5,unit=count,metric=operation.thread.priorityPendingCount]=0]
03-11-2022 14:18:21 1667459901428 Metric[[thread=hz.zealous_borg.generic-operation.thread-1,unit=count,metric=operation.thread.completedPartitionSpecificRunnableCount]=0]
03-11-2022 14:18:21 1667459901428 Metric[[unit=count,metric=operation.invocations.delayedExecutionCount]=0]
03-11-2022 14:18:21 1667459901428 Metric[[thread=hz.zealous_borg.partition-operation.thread-3,unit=count,metric=operation.thread.completedRunnableCount]=0]
03-11-2022 14:18:21 1667459901428 Metric[[unit=count,metric=operation.responses.missingCount]=0]
03-11-2022 14:18:21 1667459901428 Metric[[thread=hz.zealous_borg.partition-operation.thread-1,unit=count,metric=operation.thread.completedPartitionSpecificRunnableCount]=0]
03-11-2022 14:18:21 1667459901428 Metric[[unit=count,metric=event.syncDeliveryFailureCount]=0]
03-11-2022 14:18:21 1667459901428 Metric[[unit=ms,metric=cluster.clock.clusterTimeDiff]=0]
03-11-2022 14:18:21 1667459901428 Metric[[unit=count,metric=raft.metadata.groups]=0]
03-11-2022 14:18:21 1667459901428 Metric[[unit=count,metric=proxy.createdCount]=0]
03-11-2022 14:18:21 1667459901428 Metric[[thread=hz.zealous_borg.partition-operation.thread-5,unit=count,metric=operation.thread.completedOperationBatchCount]=0]
03-11-2022 14:18:21 1667459901428 Metric[[unit=count,metric=operation.retryCount]=0]
03-11-2022 14:18:21 1667459901428 Metric[[thread=hz.zealous_borg.partition-operation.thread-1,unit=count,metric=operation.thread.completedOperationCount]=0]
03-11-2022 14:18:21 1667459901428 Metric[[unit=ms,metric=operation.invocations.heartbeatBroadcastPeriodMillis]=15000]
03-11-2022 14:18:21 1667459901428 Metric[[thread=hz.zealous_borg.partition-operation.thread-2,unit=count,metric=operation.thread.priorityPendingCount]=0]
03-11-2022 14:18:21 1667459901428 Metric[[thread=hz.zealous_borg.generic-operation.thread-0,unit=count,metric=operation.thread.completedPartitionSpecificRunnableCount]=0]
03-11-2022 14:18:21 1667459901428 Metric[[unit=bytes,metric=memory.maxNative]=0]
03-11-2022 14:18:21 1667459901428 Metric[[thread=hz.zealous_borg.generic-operation.thread-0,unit=count,metric=operation.thread.completedRunnableCount]=0]
03-11-2022 14:18:21 1667459901428 Metric[[unit=bytes,metric=memory.totalPhysical]=17036369920]
03-11-2022 14:18:21 1667459901428 Metric[[unit=percent,metric=operation.invocations.usedPercentage]=0.0]
03-11-2022 14:18:21 1667459901428 Metric[[thread=hz.zealous_borg.partition-operation.thread-2,unit=count,metric=operation.thread.completedRunnableCount]=0]
03-11-2022 14:18:21 1667459901428 Metric[[thread=hz.zealous_borg.priority-generic-operation.thread-0,unit=count,metric=operation.thread.errorCount]=0]
03-11-2022 14:18:21 1667459901428 Metric[[metric=os.systemLoadAverage]=-1.0]
03-11-2022 14:18:21 1667459901428 Metric[[thread=hz.zealous_borg.partition-operation.thread-0,unit=count,metric=operation.thread.normalPendingCount]=0]
03-11-2022 14:18:21 1667459901428 Metric[[metric=thread.totalStartedThreadCount]=37]
03-11-2022 14:18:21 1667459901428 Metric[[service=hz:core:proxyService,unit=count,metric=event.publicationCount]=0]
03-11-2022 14:18:21 1667459901428 Metric[[unit=ms,metric=gc.unknownTime]=0]
03-11-2022 14:18:21 1667459901428 Metric[[thread=hz.zealous_borg.partition-operation.thread-0,unit=count,metric=operation.thread.completedOperationCount]=0]
03-11-2022 14:18:21 1667459901428 Metric[[thread=hz.zealous_borg.partition-operation.thread-3,unit=count,metric=operation.thread.priorityPendingCount]=0]
03-11-2022 14:18:21 1667459901428 Metric[[unit=ms,metric=cluster.clock.clusterUpTime]=-9223370369394874373]
03-11-2022 14:18:21 1667459901428 Metric[[thread=hz.zealous_borg.generic-operation.thread-1,unit=count,metric=operation.thread.completedRunnableCount]=0]
03-11-2022 14:18:21 1667459901428 Metric[[unit=count,metric=operation.queueSize]=0]
03-11-2022 14:18:21 1667459901428 Metric[[thread=hz.zealous_borg.partition-operation.thread-1,unit=count,metric=operation.thread.completedRunnableCount]=0]
03-11-2022 14:18:21 1667459901428 Metric[[service=hz:core:clusterService,unit=count,metric=event.listenerCount]=2]
03-11-2022 14:18:21 1667459901428 Metric[[thread=hz.zealous_borg.partition-operation.thread-1,unit=count,metric=operation.thread.normalPendingCount]=0]
03-11-2022 14:18:21 1667459901428 Metric[[unit=count,metric=operation.partitionThreadCount]=6]
03-11-2022 14:18:21 1667459901428 Metric[[metric=thread.threadCount]=36]
03-11-2022 14:18:21 1667459901428 Metric[[unit=count,metric=operation.invocations.heartbeatPacketsSent]=1]
03-11-2022 14:18:21 1667459901428 Metric[[unit=count,metric=partitions.replicaSyncRequestsCounter]=0]
03-11-2022 14:18:21 1667459901428 Metric[[unit=count,metric=partitions.partitionCount]=271]
03-11-2022 14:18:21 1667459901428 Metric[[metric=runtime.maxMemory]=3786407936]
03-11-2022 14:18:21 1667459901428 Metric[[unit=count,metric=operation.invocations.heartbeatPacketsReceived]=1]
03-11-2022 14:18:21 1667459901428 Metric[[service=hz:core:partitionService,unit=count,metric=event.publicationCount]=0]
03-11-2022 14:18:21 1667459901428 Metric[[thread=hz.zealous_borg.generic-operation.thread-0,unit=count,metric=operation.thread.errorCount]=0]
03-11-2022 14:18:21 1667459901428 Metric[[metric=thread.daemonThreadCount]=8]
03-11-2022 14:18:21 1667459901428 Metric[[thread=hz.zealous_borg.generic-operation.thread-2,unit=count,metric=operation.thread.completedRunnableCount]=0]
03-11-2022 14:18:21 1667459901428 Metric[[metric=os.processCpuLoad]=26.042968815107425]
03-11-2022 14:18:21 1667459901428 Metric[[unit=bytes,metric=memory.freeNative]=0]
03-11-2022 14:18:21 1667459901428 Metric[[unit=count,metric=cluster.size]=1]
03-11-2022 14:18:21 1667459901428 Metric[[unit=count,metric=event.rejectedCount]=0]
03-11-2022 14:18:21 1667459901428 Metric[[thread=hz.zealous_borg.generic-operation.thread-2,unit=count,metric=operation.thread.completedPacketCount]=0]
03-11-2022 14:18:21 1667459901428 Metric[[thread=hz.zealous_borg.generic-operation.thread-2,unit=count,metric=operation.thread.completedOperationBatchCount]=0]
03-11-2022 14:18:21 1667459901428 Metric[[thread=hz.zealous_borg.partition-operation.thread-4,unit=count,metric=operation.thread.completedPartitionSpecificRunnableCount]=0]
03-11-2022 14:18:21 1667459901428 Metric[[thread=hz.zealous_borg.partition-operation.thread-5,unit=count,metric=operation.thread.completedTotalCount]=0]
03-11-2022 14:18:21 1667459901428 Metric[[unit=count,metric=raft.missingMembers]=0]
03-11-2022 14:18:21 1667459901428 Metric[[thread=hz.zealous_borg.generic-operation.thread-1,unit=count,metric=operation.thread.errorCount]=0]
03-11-2022 14:18:21 1667459901428 Metric[[thread=hz.zealous_borg.generic-operation.thread-1,unit=count,metric=operation.thread.completedOperationBatchCount]=0]
03-11-2022 14:18:21 1667459901428 Metric[[dir=user.home,unit=bytes,metric=file.partition.freeSpace]=39031353344]
03-11-2022 14:18:21 1667459901428 Metric[[unit=ms,metric=cluster.clock.localClockTime]=1667459901653]
03-11-2022 14:18:21 1667459901428 Metric[[thread=hz.zealous_borg.partition-operation.thread-5,unit=count,metric=operation.thread.completedPartitionSpecificRunnableCount]=0]
03-11-2022 14:18:21 1667459901428 Metric[[unit=count,metric=gc.majorCount]=1]
03-11-2022 14:18:21 1667459901428 Metric[[metric=thread.peakThreadCount]=47]
03-11-2022 14:18:21 1667459901428 Metric[[unit=count,metric=partitions.maxBackupCount]=0]
03-11-2022 14:18:21 1667459901428 Metric[[unit=ms,metric=operation.invocations.invocationTimeoutMillis]=60000]
03-11-2022 14:18:21 1667459901428 Metric[[unit=count,metric=operation.priorityQueueSize]=0]
03-11-2022 14:18:21 1667459901428 Metric[[metric=runtime.totalMemory]=282066944]
03-11-2022 14:18:21 1667459901428 Metric[[unit=ms,metric=operation.invocations.backupTimeoutMillis]=5000]
03-11-2022 14:18:21 1667459901428 Metric[[unit=count,metric=operation.responses.errorCount]=0]
03-11-2022 14:18:21 1667459901428 Metric[[thread=hz.zealous_borg.partition-operation.thread-2,unit=count,metric=operation.thread.completedPartitionSpecificRunnableCount]=0]
03-11-2022 14:18:21 1667459901428 Metric[[service=hz:core:proxyService,unit=count,metric=event.listenerCount]=1]
03-11-2022 14:18:21 1667459901428 Metric[[thread=hz.zealous_borg.partition-operation.thread-3,unit=count,metric=operation.thread.completedTotalCount]=0]
03-11-2022 14:18:21 1667459901428 Metric[[unit=count,metric=proxy.proxyCount]=0]
03-11-2022 14:18:21 1667459901428 Metric[[thread=hz.zealous_borg.partition-operation.thread-5,unit=count,metric=operation.thread.errorCount]=0]
03-11-2022 14:18:21 1667459901428 Metric[[unit=bytes,metric=memory.freePhysical]=6284713984]
03-11-2022 14:18:21 1667459901428 Metric[[unit=bytes,metric=memory.committedNative]=0]
03-11-2022 14:18:21 1667459901428 Metric[[unit=ns,metric=partitions.totalElapsedDestinationCommitTime]=0]
03-11-2022 14:18:21 1667459901428 Metric[[unit=count,metric=operation.responses.timeoutCount]=0]
03-11-2022 14:18:21 1667459901428 Metric[[thread=hz.zealous_borg.priority-generic-operation.thread-0,unit=count,metric=operation.thread.completedOperationCount]=0]
03-11-2022 14:18:21 1667459901428 Metric[[unit=count,metric=operation.invocations.backupTimeouts]=0]
03-11-2022 14:18:21 1667459901428 Metric[[unit=ns,metric=partitions.elapsedMigrationOperationTime]=0]
03-11-2022 14:18:21 1667459901428 Metric[[unit=count,metric=operation.genericPriorityQueueSize]=0]
03-11-2022 14:18:21 1667459901428 Metric[[unit=count,metric=gc.minorCount]=2]
03-11-2022 14:18:21 1667459901428 Metric[[thread=hz.zealous_borg.partition-operation.thread-5,unit=count,metric=operation.thread.completedRunnableCount]=0]
03-11-2022 14:18:21 1667459901428 Metric[[thread=hz.zealous_borg.partition-operation.thread-3,unit=count,metric=operation.thread.completedPartitionSpecificRunnableCount]=0]
03-11-2022 14:18:21 1667459901428 Metric[[unit=count,metric=transactions.startCount]=0]
03-11-2022 14:18:21 1667459901428 Metric[[unit=bytes,metric=memory.usedMetadata]=0]
03-11-2022 14:18:21 1667459901428 Metric[[thread=hz.zealous_borg.partition-operation.thread-4,unit=count,metric=operation.thread.completedTotalCount]=0]
03-11-2022 14:18:21 1667459901428 Metric[[metric=os.freeSwapSpaceSize]=4568449024]
03-11-2022 14:18:21 1667459901428 Metric[[metric=os.systemCpuLoad]=-100.0]
03-11-2022 14:18:21 1667459901428 Metric[[metric=os.totalPhysicalMemorySize]=17036369920]
03-11-2022 14:18:21 1667459901428 Metric[[unit=ms,metric=partitions.lastRepartitionTime]=0]
03-11-2022 14:18:21 1667459901428 Metric[[thread=hz.zealous_borg.partition-operation.thread-5,unit=count,metric=operation.thread.completedPacketCount]=0]
03-11-2022 14:18:21 1667459901428 Metric[[metric=runtime.availableProcessors]=6]
03-11-2022 14:18:21 1667459901428 Metric[[unit=count,metric=event.eventsProcessed]=7]
03-11-2022 14:18:21 1667459901428 Metric[[unit=count,metric=operation.parker.parkQueueCount]=0]
03-11-2022 14:18:21 1667459901428 Metric[[unit=count,metric=operation.responses.normalCount]=0]
03-11-2022 14:18:21 1667459901428 Metric[[unit=count,metric=client.endpoint.count]=0]
03-11-2022 14:18:21 1667459901428 Metric[[unit=count,metric=gc.unknownCount]=0]
03-11-2022 14:18:21 1667459901428 Metric[[thread=hz.zealous_borg.priority-generic-operation.thread-0,unit=count,metric=operation.thread.completedRunnableCount]=0]
03-11-2022 14:18:21 1667459901428 Metric[[unit=count,metric=operation.responseQueueSize]=0]
03-11-2022 14:18:21 1667459901428 Metric[[unit=bytes,metric=memory.maxMetadata]=0]
03-11-2022 14:18:21 1667459901428 Metric[[thread=hz.zealous_borg.partition-operation.thread-1,unit=count,metric=operation.thread.completedTotalCount]=0]
03-11-2022 14:18:21 1667459901428 Metric[[unit=count,metric=operation.parker.totalParkedOperationCount]=0]
03-11-2022 14:18:21 1667459901428 Metric[[unit=count,metric=partitions.localPartitionCount]=0]
03-11-2022 14:18:21 1667459901428 Metric[[unit=ms,metric=gc.majorTime]=16]
03-11-2022 14:18:21 1667459901428 Metric[[thread=hz.zealous_borg.priority-generic-operation.thread-0,unit=count,metric=operation.thread.completedOperationBatchCount]=0]
03-11-2022 14:18:21 1667459901428 Metric[[thread=hz.zealous_borg.partition-operation.thread-3,unit=count,metric=operation.thread.errorCount]=0]
03-11-2022 14:18:21 1667459901428 Metric[[thread=hz.zealous_borg.partition-operation.thread-4,unit=count,metric=operation.thread.completedPacketCount]=0]
03-11-2022 14:18:21 1667459901428 Metric[[unit=count,metric=operation.runningCount]=0]
03-11-2022 14:18:21 1667459901428 Metric[[metric=classloading.loadedClassesCount]=7013]
03-11-2022 14:18:21 1667459901428 Metric[[unit=count,metric=operation.invocations.lastCallId]=0]
03-11-2022 14:18:21 1667459901428 Metric[[thread=hz.zealous_borg.generic-operation.thread-2,unit=count,metric=operation.thread.completedTotalCount]=0]
03-11-2022 14:18:21 1667459901428 Metric[[thread=hz.zealous_borg.partition-operation.thread-2,unit=count,metric=operation.thread.completedTotalCount]=0]
03-11-2022 14:18:21 1667459901428 Metric[[unit=count,metric=transactions.commitCount]=0]
03-11-2022 14:18:21 1667459901428 Metric[[thread=hz.zealous_borg.partition-operation.thread-4,unit=count,metric=operation.thread.errorCount]=0]
03-11-2022 14:18:21 1667459901428 Metric[[unit=count,metric=raft.destroyedGroupIds]=0]
03-11-2022 14:18:21 1667459901428 Metric[[thread=hz.zealous_borg.partition-operation.thread-3,unit=count,metric=operation.thread.completedPacketCount]=0]
03-11-2022 14:18:21 1667459901428 Metric[[unit=count,metric=partitions.activePartitionCount]=0]
03-11-2022 14:18:21 1667459901428 Metric[[service=hz:core:partitionService,unit=count,metric=event.listenerCount]=2]
03-11-2022 14:18:21 1667459901428 Metric[[unit=count,metric=operation.invocations.pending]=0]
03-11-2022 14:18:21 1667459901428 Metric[[unit=bytes,metric=memory.usedNative]=0]
03-11-2022 14:18:21 1667459901428 Metric[[thread=hz.zealous_borg.generic-operation.thread-2,unit=count,metric=operation.thread.errorCount]=0]
03-11-2022 14:18:21 1667459901428 Metric[[dir=user.home,unit=bytes,metric=file.partition.totalSpace]=144075448320]
03-11-2022 14:18:21 1667459901428 Metric[[thread=hz.zealous_borg.generic-operation.thread-1,unit=count,metric=operation.thread.completedTotalCount]=0]
03-11-2022 14:18:21 1667459901428 Metric[[unit=ms,metric=cluster.clock.clusterStartTime]=-9223372036854775808]
03-11-2022 14:18:21 1667459901428 Metric[[unit=ms,metric=cluster.clock.clusterTime]=1667459901655]
03-11-2022 14:18:21 1667459901428 Metric[[thread=hz.zealous_borg.generic-operation.thread-0,unit=count,metric=operation.thread.completedPacketCount]=0]
03-11-2022 14:18:21 1667459901428 Metric[[thread=hz.zealous_borg.generic-operation.thread-0,unit=count,metric=operation.thread.completedOperationBatchCount]=0]
03-11-2022 14:18:21 1667459901428 Metric[[unit=count,metric=partitions.plannedMigrations]=0]
03-11-2022 14:18:21 1667459901428 Metric[[thread=hz.zealous_borg.partition-operation.thread-1,unit=count,metric=operation.thread.errorCount]=0]
03-11-2022 14:18:21 1667459901428 Metric[[dir=user.home,unit=bytes,metric=file.partition.usableSpace]=39031353344]
03-11-2022 14:18:21 1667459901428 Metric[[thread=hz.zealous_borg.partition-operation.thread-2,unit=count,metric=operation.thread.completedPacketCount]=0]
03-11-2022 14:18:21 1667459901428 Metric[[unit=count,metric=proxy.destroyedCount]=0]
03-11-2022 14:18:21 1667459901428 Metric[[unit=count,metric=operation.invocations.normalTimeouts]=0]
03-11-2022 14:18:21 1667459901428 Metric[[unit=count,metric=raft.metadata.activeMembers]=0]
03-11-2022 14:18:21 1667459901428 Metric[[unit=count,metric=operation.failedBackups]=0]
03-11-2022 14:18:21 1667459901428 Metric[[unit=count,metric=partitions.memberGroupsSize]=0]
03-11-2022 14:18:21 1667459901428 Metric[[unit=count,metric=operation.operationTimeoutCount]=0]
03-11-2022 14:18:21 1667459901428 Metric[[unit=count,metric=transactions.rollbackCount]=0]
03-11-2022 14:18:21 1667459901428 Metric[[thread=hz.zealous_borg.generic-operation.thread-0,unit=count,metric=operation.thread.completedTotalCount]=0]
03-11-2022 14:18:21 1667459901428 Metric[[metric=runtime.uptime]=2472]
03-11-2022 14:18:21 1667459901428 Metric[[unit=count,metric=event.queueCapacity]=1000000]
03-11-2022 14:18:21 1667459901428 Metric[[thread=hz.zealous_borg.generic-operation.thread-1,unit=count,metric=operation.thread.completedPacketCount]=0]
03-11-2022 14:18:21 1667459901428 Metric[[thread=hz.zealous_borg.partition-operation.thread-0,unit=count,metric=operation.thread.completedTotalCount]=0]
03-11-2022 14:18:21 1667459901428 Metric[[unit=count,metric=raft.nodes]=0]
03-11-2022 14:18:21 1667459901428 Metric[[thread=hz.zealous_borg.partition-operation.thread-2,unit=count,metric=operation.thread.errorCount]=0]
03-11-2022 14:18:21 1667459901428 Metric[[thread=hz.zealous_borg.partition-operation.thread-1,unit=count,metric=operation.thread.completedPacketCount]=0]
03-11-2022 14:18:21 1667459901428 Metric[[unit=count,metric=partitions.stateStamp]=0]
03-11-2022 14:18:21 1667459901428 Metric[[unit=count,metric=partitions.completedMigrations]=0]
03-11-2022 14:18:21 1667459901428 Metric[[unit=bytes,metric=memory.usedHeap]=25871920]
03-11-2022 14:18:21 1667459901428 Metric[[thread=hz.zealous_borg.IO.thread-in-0,unit=ms,metric=tcp.inputThread.idleTimeMillis]=1667459901657]
03-11-2022 14:18:21 1667459901428 Metric[[thread=hz.zealous_borg.IO.thread-in-0,unit=count,metric=tcp.inputThread.ioThreadId]=0]
03-11-2022 14:18:21 1667459901428 Metric[[thread=hz.zealous_borg.IO.thread-in-0,unit=bytes,metric=tcp.inputThread.bytesTransceived]=0]
03-11-2022 14:18:21 1667459901428 Metric[[thread=hz.zealous_borg.IO.thread-in-0,unit=count,metric=tcp.inputThread.framesTransceived]=0]
03-11-2022 14:18:21 1667459901428 Metric[[thread=hz.zealous_borg.IO.thread-in-0,unit=count,metric=tcp.inputThread.priorityFramesTransceived]=0]
03-11-2022 14:18:21 1667459901428 Metric[[thread=hz.zealous_borg.IO.thread-in-0,unit=count,metric=tcp.inputThread.processCount]=0]
03-11-2022 14:18:21 1667459901428 Metric[[thread=hz.zealous_borg.IO.thread-in-0,unit=count,metric=tcp.inputThread.taskQueueSize]=0]
03-11-2022 14:18:21 1667459901428 Metric[[thread=hz.zealous_borg.IO.thread-in-0,unit=count,metric=tcp.inputThread.eventCount]=0]
03-11-2022 14:18:21 1667459901428 Metric[[thread=hz.zealous_borg.IO.thread-in-0,unit=count,metric=tcp.inputThread.selectorIOExceptionCount]=0]
03-11-2022 14:18:21 1667459901428 Metric[[thread=hz.zealous_borg.IO.thread-in-0,unit=count,metric=tcp.inputThread.completedTaskCount]=0]
03-11-2022 14:18:21 1667459901428 Metric[[thread=hz.zealous_borg.IO.thread-in-0,unit=count,metric=tcp.inputThread.selectorRebuildCount]=0]
03-11-2022 14:18:21 1667459901428 Metric[[thread=hz.zealous_borg.IO.thread-in-1,unit=ms,metric=tcp.inputThread.idleTimeMillis]=1667459901657]
03-11-2022 14:18:21 1667459901428 Metric[[thread=hz.zealous_borg.IO.thread-in-1,unit=count,metric=tcp.inputThread.ioThreadId]=1]
03-11-2022 14:18:21 1667459901428 Metric[[thread=hz.zealous_borg.IO.thread-in-1,unit=bytes,metric=tcp.inputThread.bytesTransceived]=0]
03-11-2022 14:18:21 1667459901428 Metric[[thread=hz.zealous_borg.IO.thread-in-1,unit=count,metric=tcp.inputThread.framesTransceived]=0]
03-11-2022 14:18:21 1667459901428 Metric[[thread=hz.zealous_borg.IO.thread-in-1,unit=count,metric=tcp.inputThread.priorityFramesTransceived]=0]
03-11-2022 14:18:21 1667459901428 Metric[[thread=hz.zealous_borg.IO.thread-in-1,unit=count,metric=tcp.inputThread.processCount]=0]
03-11-2022 14:18:21 1667459901428 Metric[[thread=hz.zealous_borg.IO.thread-in-1,unit=count,metric=tcp.inputThread.taskQueueSize]=0]
03-11-2022 14:18:21 1667459901428 Metric[[thread=hz.zealous_borg.IO.thread-in-1,unit=count,metric=tcp.inputThread.eventCount]=0]
03-11-2022 14:18:21 1667459901428 Metric[[thread=hz.zealous_borg.IO.thread-in-1,unit=count,metric=tcp.inputThread.selectorIOExceptionCount]=0]
03-11-2022 14:18:21 1667459901428 Metric[[thread=hz.zealous_borg.IO.thread-in-1,unit=count,metric=tcp.inputThread.completedTaskCount]=0]
03-11-2022 14:18:21 1667459901428 Metric[[thread=hz.zealous_borg.IO.thread-in-1,unit=count,metric=tcp.inputThread.selectorRebuildCount]=0]
03-11-2022 14:18:21 1667459901428 Metric[[thread=hz.zealous_borg.IO.thread-in-2,unit=ms,metric=tcp.inputThread.idleTimeMillis]=1667459901657]
03-11-2022 14:18:21 1667459901428 Metric[[thread=hz.zealous_borg.IO.thread-in-2,unit=count,metric=tcp.inputThread.ioThreadId]=2]
03-11-2022 14:18:21 1667459901428 Metric[[thread=hz.zealous_borg.IO.thread-in-2,unit=bytes,metric=tcp.inputThread.bytesTransceived]=0]
03-11-2022 14:18:21 1667459901428 Metric[[thread=hz.zealous_borg.IO.thread-in-2,unit=count,metric=tcp.inputThread.framesTransceived]=0]
03-11-2022 14:18:21 1667459901428 Metric[[thread=hz.zealous_borg.IO.thread-in-2,unit=count,metric=tcp.inputThread.priorityFramesTransceived]=0]
03-11-2022 14:18:21 1667459901428 Metric[[thread=hz.zealous_borg.IO.thread-in-2,unit=count,metric=tcp.inputThread.processCount]=0]
03-11-2022 14:18:21 1667459901428 Metric[[thread=hz.zealous_borg.IO.thread-in-2,unit=count,metric=tcp.inputThread.taskQueueSize]=0]
03-11-2022 14:18:21 1667459901428 Metric[[thread=hz.zealous_borg.IO.thread-in-2,unit=count,metric=tcp.inputThread.eventCount]=0]
03-11-2022 14:18:21 1667459901428 Metric[[thread=hz.zealous_borg.IO.thread-in-2,unit=count,metric=tcp.inputThread.selectorIOExceptionCount]=0]
03-11-2022 14:18:21 1667459901428 Metric[[thread=hz.zealous_borg.IO.thread-in-2,unit=count,metric=tcp.inputThread.completedTaskCount]=0]
03-11-2022 14:18:21 1667459901428 Metric[[thread=hz.zealous_borg.IO.thread-in-2,unit=count,metric=tcp.inputThread.selectorRebuildCount]=0]
03-11-2022 14:18:21 1667459901428 Metric[[thread=hz.zealous_borg.IO.thread-out-0,unit=ms,metric=tcp.outputThread.idleTimeMillis]=1667459901657]
03-11-2022 14:18:21 1667459901428 Metric[[thread=hz.zealous_borg.IO.thread-out-0,unit=count,metric=tcp.outputThread.ioThreadId]=0]
03-11-2022 14:18:21 1667459901428 Metric[[thread=hz.zealous_borg.IO.thread-out-0,unit=bytes,metric=tcp.outputThread.bytesTransceived]=0]
03-11-2022 14:18:21 1667459901428 Metric[[thread=hz.zealous_borg.IO.thread-out-0,unit=count,metric=tcp.outputThread.framesTransceived]=0]
03-11-2022 14:18:21 1667459901428 Metric[[thread=hz.zealous_borg.IO.thread-out-0,unit=count,metric=tcp.outputThread.priorityFramesTransceived]=0]
03-11-2022 14:18:21 1667459901428 Metric[[thread=hz.zealous_borg.IO.thread-out-0,unit=count,metric=tcp.outputThread.processCount]=0]
03-11-2022 14:18:21 1667459901428 Metric[[thread=hz.zealous_borg.IO.thread-out-0,unit=count,metric=tcp.outputThread.taskQueueSize]=0]
03-11-2022 14:18:21 1667459901428 Metric[[thread=hz.zealous_borg.IO.thread-out-0,unit=count,metric=tcp.outputThread.eventCount]=0]
03-11-2022 14:18:21 1667459901428 Metric[[thread=hz.zealous_borg.IO.thread-out-0,unit=count,metric=tcp.outputThread.selectorIOExceptionCount]=0]
03-11-2022 14:18:21 1667459901428 Metric[[thread=hz.zealous_borg.IO.thread-out-0,unit=count,metric=tcp.outputThread.completedTaskCount]=0]
03-11-2022 14:18:21 1667459901428 Metric[[thread=hz.zealous_borg.IO.thread-out-0,unit=count,metric=tcp.outputThread.selectorRebuildCount]=0]
03-11-2022 14:18:21 1667459901428 Metric[[thread=hz.zealous_borg.IO.thread-out-1,unit=ms,metric=tcp.outputThread.idleTimeMillis]=1667459901658]
03-11-2022 14:18:21 1667459901428 Metric[[thread=hz.zealous_borg.IO.thread-out-1,unit=count,metric=tcp.outputThread.ioThreadId]=1]
03-11-2022 14:18:21 1667459901428 Metric[[thread=hz.zealous_borg.IO.thread-out-1,unit=bytes,metric=tcp.outputThread.bytesTransceived]=0]
03-11-2022 14:18:21 1667459901428 Metric[[thread=hz.zealous_borg.IO.thread-out-1,unit=count,metric=tcp.outputThread.framesTransceived]=0]
03-11-2022 14:18:21 1667459901428 Metric[[thread=hz.zealous_borg.IO.thread-out-1,unit=count,metric=tcp.outputThread.priorityFramesTransceived]=0]
03-11-2022 14:18:21 1667459901428 Metric[[thread=hz.zealous_borg.IO.thread-out-1,unit=count,metric=tcp.outputThread.processCount]=0]
03-11-2022 14:18:21 1667459901428 Metric[[thread=hz.zealous_borg.IO.thread-out-1,unit=count,metric=tcp.outputThread.taskQueueSize]=0]
03-11-2022 14:18:21 1667459901428 Metric[[thread=hz.zealous_borg.IO.thread-out-1,unit=count,metric=tcp.outputThread.eventCount]=0]
03-11-2022 14:18:21 1667459901428 Metric[[thread=hz.zealous_borg.IO.thread-out-1,unit=count,metric=tcp.outputThread.selectorIOExceptionCount]=0]
03-11-2022 14:18:21 1667459901428 Metric[[thread=hz.zealous_borg.IO.thread-out-1,unit=count,metric=tcp.outputThread.completedTaskCount]=0]
03-11-2022 14:18:21 1667459901428 Metric[[thread=hz.zealous_borg.IO.thread-out-1,unit=count,metric=tcp.outputThread.selectorRebuildCount]=0]
03-11-2022 14:18:21 1667459901428 Metric[[thread=hz.zealous_borg.IO.thread-out-2,unit=ms,metric=tcp.outputThread.idleTimeMillis]=1667459901658]
03-11-2022 14:18:21 1667459901428 Metric[[thread=hz.zealous_borg.IO.thread-out-2,unit=count,metric=tcp.outputThread.ioThreadId]=2]
03-11-2022 14:18:21 1667459901428 Metric[[thread=hz.zealous_borg.IO.thread-out-2,unit=bytes,metric=tcp.outputThread.bytesTransceived]=0]
03-11-2022 14:18:21 1667459901428 Metric[[thread=hz.zealous_borg.IO.thread-out-2,unit=count,metric=tcp.outputThread.framesTransceived]=0]
03-11-2022 14:18:21 1667459901428 Metric[[thread=hz.zealous_borg.IO.thread-out-2,unit=count,metric=tcp.outputThread.priorityFramesTransceived]=0]
03-11-2022 14:18:21 1667459901428 Metric[[thread=hz.zealous_borg.IO.thread-out-2,unit=count,metric=tcp.outputThread.processCount]=0]
03-11-2022 14:18:21 1667459901428 Metric[[thread=hz.zealous_borg.IO.thread-out-2,unit=count,metric=tcp.outputThread.taskQueueSize]=0]
03-11-2022 14:18:21 1667459901428 Metric[[thread=hz.zealous_borg.IO.thread-out-2,unit=count,metric=tcp.outputThread.eventCount]=0]
03-11-2022 14:18:21 1667459901428 Metric[[thread=hz.zealous_borg.IO.thread-out-2,unit=count,metric=tcp.outputThread.selectorIOExceptionCount]=0]
03-11-2022 14:18:21 1667459901428 Metric[[thread=hz.zealous_borg.IO.thread-out-2,unit=count,metric=tcp.outputThread.completedTaskCount]=0]
03-11-2022 14:18:21 1667459901428 Metric[[thread=hz.zealous_borg.IO.thread-out-2,unit=count,metric=tcp.outputThread.selectorRebuildCount]=0]
03-11-2022 14:18:21 1667459901428 Metric[[unit=count,metric=tcp.balancer.imbalanceDetectedCount]=0]
03-11-2022 14:18:21 1667459901428 Metric[[unit=count,metric=tcp.balancer.migrationCompletedCount]=0]
03-11-2022 14:18:21 1667459901428 Metric[[unit=bytes,metric=tcp.bytesSend]=0]
03-11-2022 14:18:21 1667459901428 Metric[[unit=bytes,metric=tcp.bytesReceived]=0]
03-11-2022 14:18:21 1667459901428 Metric[[unit=count,metric=tcp.packetsSend]=0]
03-11-2022 14:18:21 1667459901428 Metric[[unit=count,metric=tcp.packetsReceived]=0]
03-11-2022 14:18:21 1667459901428 Metric[[thread=hz.zealous_borg.IO.thread-Acceptor,unit=ms,metric=tcp.acceptor.idleTimeMillis]=1667459901660]
03-11-2022 14:18:21 1667459901428 Metric[[thread=hz.zealous_borg.IO.thread-Acceptor,unit=count,metric=tcp.acceptor.eventCount]=0]
03-11-2022 14:18:21 1667459901428 Metric[[thread=hz.zealous_borg.IO.thread-Acceptor,unit=count,metric=tcp.acceptor.exceptionCount]=0]
03-11-2022 14:18:21 1667459901428 Metric[[thread=hz.zealous_borg.IO.thread-Acceptor,unit=count,metric=tcp.acceptor.selectorRecreateCount]=0]
03-11-2022 14:18:21 1667459901428 Metric[[unit=count,metric=tcp.connection.count]=0]
03-11-2022 14:18:21 1667459901428 Metric[[unit=count,metric=tcp.connection.inProgressCount]=0]
03-11-2022 14:18:21 1667459901428 Metric[[unit=count,metric=tcp.connection.openedCount]=0]
03-11-2022 14:18:21 1667459901428 Metric[[unit=count,metric=tcp.connection.closedCount]=0]
03-11-2022 14:18:21 1667459901428 Metric[[unit=count,metric=tcp.connection.activeCount]=0]
03-11-2022 14:18:21 1667459901428 Metric[[unit=count,metric=tcp.connection.acceptedSocketCount]=0]
03-11-2022 14:18:21 1667459901428 Metric[[unit=count,metric=tcp.connection.connectionListenerCount]=3]
03-11-2022 14:18:21 1667459901428 Metric[[unit=count,metric=tcp.connection.clientCount]=0]
03-11-2022 14:18:21 1667459901428 Metric[[unit=count,metric=tcp.connection.textCount]=0]
03-11-2022 14:18:21 1667459901428 Metric[[name=hz:cluster,unit=count,metric=executor.internal.queueSize]=0]
03-11-2022 14:18:21 1667459901428 Metric[[name=hz:cluster,unit=count,metric=executor.internal.completedTasks]=0]
03-11-2022 14:18:21 1667459901428 Metric[[name=hz:cluster,unit=count,metric=executor.internal.maximumPoolSize]=2]
03-11-2022 14:18:21 1667459901428 Metric[[name=hz:cluster,unit=count,metric=executor.internal.poolSize]=0]
03-11-2022 14:18:21 1667459901428 Metric[[name=hz:cluster,unit=count,metric=executor.internal.remainingQueueCapacity]=2147483647]
03-11-2022 14:18:21 1667459901428 Metric[[name=hz:cluster:event,unit=count,metric=executor.internal.queueSize]=0]
03-11-2022 14:18:21 1667459901428 Metric[[name=hz:cluster:event,unit=count,metric=executor.internal.completedTasks]=6]
03-11-2022 14:18:21 1667459901428 Metric[[name=hz:cluster:event,unit=count,metric=executor.internal.maximumPoolSize]=1]
03-11-2022 14:18:21 1667459901428 Metric[[name=hz:cluster:event,unit=count,metric=executor.internal.poolSize]=0]
03-11-2022 14:18:21 1667459901428 Metric[[name=hz:cluster:event,unit=count,metric=executor.internal.remainingQueueCapacity]=2147483647]
03-11-2022 14:18:21 1667459901428 Metric[[name=hz:scheduled:cqc:fe9c23e6-92e9-43d6-a210-f3ff49c64400,unit=count,metric=executor.internal.queueSize]=0]
03-11-2022 14:18:21 1667459901428 Metric[[name=hz:scheduled:cqc:fe9c23e6-92e9-43d6-a210-f3ff49c64400,unit=count,metric=executor.internal.completedTasks]=0]
03-11-2022 14:18:21 1667459901428 Metric[[name=hz:scheduled:cqc:fe9c23e6-92e9-43d6-a210-f3ff49c64400,unit=count,metric=executor.internal.maximumPoolSize]=1]
03-11-2022 14:18:21 1667459901428 Metric[[name=hz:scheduled:cqc:fe9c23e6-92e9-43d6-a210-f3ff49c64400,unit=count,metric=executor.internal.poolSize]=0]
03-11-2022 14:18:21 1667459901428 Metric[[name=hz:scheduled:cqc:fe9c23e6-92e9-43d6-a210-f3ff49c64400,unit=count,metric=executor.internal.remainingQueueCapacity]=10000]
03-11-2022 14:18:21 1667459901428 Metric[[name=hz:offloadable,unit=count,metric=executor.internal.queueSize]=0]
03-11-2022 14:18:21 1667459901428 Metric[[name=hz:offloadable,unit=count,metric=executor.internal.completedTasks]=0]
03-11-2022 14:18:21 1667459901428 Metric[[name=hz:offloadable,unit=count,metric=executor.internal.maximumPoolSize]=6]
03-11-2022 14:18:21 1667459901428 Metric[[name=hz:offloadable,unit=count,metric=executor.internal.poolSize]=0]
03-11-2022 14:18:21 1667459901428 Metric[[name=hz:offloadable,unit=count,metric=executor.internal.remainingQueueCapacity]=100000]
03-11-2022 14:18:21 1667459901428 Metric[[name=hz:client,unit=count,metric=executor.internal.queueSize]=0]
03-11-2022 14:18:21 1667459901428 Metric[[name=hz:client,unit=count,metric=executor.internal.completedTasks]=0]
03-11-2022 14:18:21 1667459901428 Metric[[name=hz:client,unit=count,metric=executor.internal.maximumPoolSize]=6]
03-11-2022 14:18:21 1667459901428 Metric[[name=hz:client,unit=count,metric=executor.internal.poolSize]=0]
03-11-2022 14:18:21 1667459901428 Metric[[name=hz:client,unit=count,metric=executor.internal.remainingQueueCapacity]=600000]
03-11-2022 14:18:21 1667459901428 Metric[[name=hz:cluster:mastership,unit=count,metric=executor.internal.queueSize]=0]
03-11-2022 14:18:21 1667459901428 Metric[[name=hz:cluster:mastership,unit=count,metric=executor.internal.completedTasks]=0]
03-11-2022 14:18:21 1667459901428 Metric[[name=hz:cluster:mastership,unit=count,metric=executor.internal.maximumPoolSize]=1]
03-11-2022 14:18:21 1667459901428 Metric[[name=hz:cluster:mastership,unit=count,metric=executor.internal.poolSize]=0]
03-11-2022 14:18:21 1667459901428 Metric[[name=hz:cluster:mastership,unit=count,metric=executor.internal.remainingQueueCapacity]=2147483647]
03-11-2022 14:18:21 1667459901428 Metric[[name=hz:async,unit=count,metric=executor.internal.queueSize]=0]
03-11-2022 14:18:21 1667459901428 Metric[[name=hz:async,unit=count,metric=executor.internal.completedTasks]=0]
03-11-2022 14:18:21 1667459901428 Metric[[name=hz:async,unit=count,metric=executor.internal.maximumPoolSize]=6]
03-11-2022 14:18:21 1667459901428 Metric[[name=hz:async,unit=count,metric=executor.internal.poolSize]=0]
03-11-2022 14:18:21 1667459901428 Metric[[name=hz:async,unit=count,metric=executor.internal.remainingQueueCapacity]=100000]
03-11-2022 14:18:21 1667459901428 Metric[[name=hz:client-blocking-tasks,unit=count,metric=executor.internal.queueSize]=0]
03-11-2022 14:18:21 1667459901428 Metric[[name=hz:client-blocking-tasks,unit=count,metric=executor.internal.completedTasks]=0]
03-11-2022 14:18:21 1667459901428 Metric[[name=hz:client-blocking-tasks,unit=count,metric=executor.internal.maximumPoolSize]=120]
03-11-2022 14:18:21 1667459901428 Metric[[name=hz:client-blocking-tasks,unit=count,metric=executor.internal.poolSize]=0]
03-11-2022 14:18:21 1667459901428 Metric[[name=hz:client-blocking-tasks,unit=count,metric=executor.internal.remainingQueueCapacity]=600000]
03-11-2022 14:18:21 1667459901428 Metric[[name=hz:client-query,unit=count,metric=executor.internal.queueSize]=0]
03-11-2022 14:18:21 1667459901428 Metric[[name=hz:client-query,unit=count,metric=executor.internal.completedTasks]=0]
03-11-2022 14:18:21 1667459901428 Metric[[name=hz:client-query,unit=count,metric=executor.internal.maximumPoolSize]=6]
03-11-2022 14:18:21 1667459901428 Metric[[name=hz:client-query,unit=count,metric=executor.internal.poolSize]=0]
03-11-2022 14:18:21 1667459901428 Metric[[name=hz:client-query,unit=count,metric=executor.internal.remainingQueueCapacity]=600000]
03-11-2022 14:18:21 1667459901428 Metric[[name=hz:scheduled,unit=count,metric=executor.internal.queueSize]=0]
03-11-2022 14:18:21 1667459901428 Metric[[name=hz:scheduled,unit=count,metric=executor.internal.completedTasks]=1]
03-11-2022 14:18:21 1667459901428 Metric[[name=hz:scheduled,unit=count,metric=executor.internal.maximumPoolSize]=12]
03-11-2022 14:18:21 1667459901428 Metric[[name=hz:scheduled,unit=count,metric=executor.internal.poolSize]=0]
03-11-2022 14:18:21 1667459901428 Metric[[name=hz:scheduled,unit=count,metric=executor.internal.remainingQueueCapacity]=600000]
03-11-2022 14:18:21 1667459901428 Metric[[name=hz:system,unit=count,metric=executor.internal.queueSize]=0]
03-11-2022 14:18:21 1667459901428 Metric[[name=hz:system,unit=count,metric=executor.internal.completedTasks]=0]
03-11-2022 14:18:21 1667459901428 Metric[[name=hz:system,unit=count,metric=executor.internal.maximumPoolSize]=6]
03-11-2022 14:18:21 1667459901428 Metric[[name=hz:system,unit=count,metric=executor.internal.poolSize]=0]
03-11-2022 14:18:21 1667459901428 Metric[[name=hz:system,unit=count,metric=executor.internal.remainingQueueCapacity]=2147483647]
03-11-2022 14:18:21 1667459901428 Metric[[name=MetricsPublisher,unit=count,metric=executor.internal.queueSize]=0]
03-11-2022 14:18:21 1667459901428 Metric[[name=MetricsPublisher,unit=count,metric=executor.internal.completedTasks]=0]
03-11-2022 14:18:21 1667459901428 Metric[[name=MetricsPublisher,unit=count,metric=executor.internal.maximumPoolSize]=16]
03-11-2022 14:18:21 1667459901428 Metric[[name=MetricsPublisher,unit=count,metric=executor.internal.poolSize]=0]
03-11-2022 14:18:21 1667459901428 Metric[[name=MetricsPublisher,unit=count,metric=executor.internal.remainingQueueCapacity]=2147483647]
03-11-2022 14:18:21 1667459901428 Metric[[name=hz:cluster:splitbrain,unit=count,metric=executor.internal.queueSize]=0]
03-11-2022 14:18:21 1667459901428 Metric[[name=hz:cluster:splitbrain,unit=count,metric=executor.internal.completedTasks]=0]
03-11-2022 14:18:21 1667459901428 Metric[[name=hz:cluster:splitbrain,unit=count,metric=executor.internal.maximumPoolSize]=2]
03-11-2022 14:18:21 1667459901428 Metric[[name=hz:cluster:splitbrain,unit=count,metric=executor.internal.poolSize]=0]
03-11-2022 14:18:21 1667459901428 Metric[[name=hz:cluster:splitbrain,unit=count,metric=executor.internal.remainingQueueCapacity]=2147483647]
03-11-2022 14:18:21 1667459901428 Metric[[name=hz:cluster:version:auto:upgrade,unit=count,metric=executor.internal.queueSize]=0]
03-11-2022 14:18:21 1667459901428 Metric[[name=hz:cluster:version:auto:upgrade,unit=count,metric=executor.internal.completedTasks]=0]
03-11-2022 14:18:21 1667459901428 Metric[[name=hz:cluster:version:auto:upgrade,unit=count,metric=executor.internal.maximumPoolSize]=1]
03-11-2022 14:18:21 1667459901428 Metric[[name=hz:cluster:version:auto:upgrade,unit=count,metric=executor.internal.poolSize]=0]
03-11-2022 14:18:21 1667459901428 Metric[[name=hz:cluster:version:auto:upgrade,unit=count,metric=executor.internal.remainingQueueCapacity]=2147483647]
03-11-2022 14:18:21 1667459901428 Metric[[name=hz:query,unit=count,metric=executor.internal.queueSize]=0]
03-11-2022 14:18:21 1667459901428 Metric[[name=hz:query,unit=count,metric=executor.internal.completedTasks]=0]
03-11-2022 14:18:21 1667459901428 Metric[[name=hz:query,unit=count,metric=executor.internal.maximumPoolSize]=16]
03-11-2022 14:18:21 1667459901428 Metric[[name=hz:query,unit=count,metric=executor.internal.poolSize]=0]
03-11-2022 14:18:21 1667459901428 Metric[[name=hz:query,unit=count,metric=executor.internal.remainingQueueCapacity]=2147483647]
03-11-2022 14:18:21 1667459901428 Metric[[name=hz:CRDTReplicationMigration,unit=count,metric=executor.internal.queueSize]=0]
03-11-2022 14:18:21 1667459901428 Metric[[name=hz:CRDTReplicationMigration,unit=count,metric=executor.internal.completedTasks]=1]
03-11-2022 14:18:21 1667459901428 Metric[[name=hz:CRDTReplicationMigration,unit=count,metric=executor.internal.maximumPoolSize]=16]
03-11-2022 14:18:21 1667459901428 Metric[[name=hz:CRDTReplicationMigration,unit=count,metric=executor.internal.poolSize]=0]
03-11-2022 14:18:21 1667459901428 Metric[[name=hz:CRDTReplicationMigration,unit=count,metric=executor.internal.remainingQueueCapacity]=2147483647]
03-11-2022 14:18:21 1667459901666 SlowOperations[]
03-11-2022 14:18:21 1667459901666 InvocationProfiler[]
03-11-2022 14:18:21 1667459901666 OperationsProfiler[]
03-11-2022 14:18:21 1667459901666 HazelcastInstance[
                          thisAddress=[192.168.1.87]:5701
                          isRunning=true
                          isLite=false
                          joined=false
                          nodeState=ACTIVE
                          clusterId=null
                          clusterSize=1
                          isMaster=false
                          masterAddress=null
                          Members[
                                  [192.168.1.87]:5701]]
03-11-2022 14:18:21 1667459901666 ClusterVersionChanged[
                          4.2]
03-11-2022 14:18:21 1667459901666 Lifecycle[
                          STARTING]
03-11-2022 14:18:21 1667459901666 MemberAdded[
                          member=[192.168.1.87]:5701
                          Members[
                                  [192.168.1.87]:5701:this:master]]
03-11-2022 14:18:25 1667459905437 ClusterVersionChanged[
                          4.2]
03-11-2022 14:18:25 1667459905437 Lifecycle[
                          STARTED]
