28-10-2022 23:08:01 1666973281580 BuildInfo[
                          Build=20210811
                          BuildNumber=20210811
                          Revision=c38011e
                          Version=4.2.2
                          SerialVersion=1
                          Enterprise=false]
28-10-2022 23:08:01 1666973281580 SystemProperties[
                          java.class.path=D:\Project\owner\Demo\vertx\target\classes;C:\Users\Bui Vuong\.m2\repository\io\vertx\vertx-core\4.3.4\vertx-core-4.3.4.jar;C:\Users\Bui Vuong\.m2\repository\io\netty\netty-common\4.1.82.Final\netty-common-4.1.82.Final.jar;C:\Users\Bui Vuong\.m2\repository\io\netty\netty-buffer\4.1.82.Final\netty-buffer-4.1.82.Final.jar;C:\Users\Bui Vuong\.m2\repository\io\netty\netty-transport\4.1.82.Final\netty-transport-4.1.82.Final.jar;C:\Users\Bui Vuong\.m2\repository\io\netty\netty-handler\4.1.82.Final\netty-handler-4.1.82.Final.jar;C:\Users\Bui Vuong\.m2\repository\io\netty\netty-transport-native-unix-common\4.1.82.Final\netty-transport-native-unix-common-4.1.82.Final.jar;C:\Users\Bui Vuong\.m2\repository\io\netty\netty-codec\4.1.82.Final\netty-codec-4.1.82.Final.jar;C:\Users\Bui Vuong\.m2\repository\io\netty\netty-handler-proxy\4.1.82.Final\netty-handler-proxy-4.1.82.Final.jar;C:\Users\Bui Vuong\.m2\repository\io\netty\netty-codec-socks\4.1.82.Final\netty-codec-socks-4.1.82.Final.jar;C:\Users\Bui Vuong\.m2\repository\io\netty\netty-codec-http\4.1.82.Final\netty-codec-http-4.1.82.Final.jar;C:\Users\Bui Vuong\.m2\repository\io\netty\netty-codec-http2\4.1.82.Final\netty-codec-http2-4.1.82.Final.jar;C:\Users\Bui Vuong\.m2\repository\io\netty\netty-resolver\4.1.82.Final\netty-resolver-4.1.82.Final.jar;C:\Users\Bui Vuong\.m2\repository\io\netty\netty-resolver-dns\4.1.82.Final\netty-resolver-dns-4.1.82.Final.jar;C:\Users\Bui Vuong\.m2\repository\io\netty\netty-codec-dns\4.1.82.Final\netty-codec-dns-4.1.82.Final.jar;C:\Users\Bui Vuong\.m2\repository\com\fasterxml\jackson\core\jackson-core\2.13.4\jackson-core-2.13.4.jar;C:\Users\Bui Vuong\.m2\repository\io\vertx\vertx-web\4.3.4\vertx-web-4.3.4.jar;C:\Users\Bui Vuong\.m2\repository\io\vertx\vertx-web-common\4.3.4\vertx-web-common-4.3.4.jar;C:\Users\Bui Vuong\.m2\repository\io\vertx\vertx-auth-common\4.3.4\vertx-auth-common-4.3.4.jar;C:\Users\Bui Vuong\.m2\repository\io\vertx\vertx-bridge-common\4.3.4\vertx-bridge-common-4.3.4.jar;C:\Users\Bui Vuong\.m2\repository\io\vertx\vertx-hazelcast\4.3.4\vertx-hazelcast-4.3.4.jar;C:\Users\Bui Vuong\.m2\repository\com\hazelcast\hazelcast\4.2.2\hazelcast-4.2.2.jar;C:\Users\Bui Vuong\.m2\repository\io\vertx\vertx-config\4.3.4\vertx-config-4.3.4.jar;C:\Users\Bui Vuong\.m2\repository\org\flywaydb\flyway-core\6.3.1\flyway-core-6.3.1.jar;C:\Users\Bui Vuong\.m2\repository\org\postgresql\postgresql\42.2.11\postgresql-42.2.11.jar;C:\Users\Bui Vuong\.m2\repository\io\vertx\vertx-jdbc-client\4.3.4\vertx-jdbc-client-4.3.4.jar;C:\Users\Bui Vuong\.m2\repository\io\vertx\vertx-sql-client\4.3.4\vertx-sql-client-4.3.4.jar;C:\Users\Bui Vuong\.m2\repository\com\mchange\c3p0\0.9.5.5\c3p0-0.9.5.5.jar;C:\Users\Bui Vuong\.m2\repository\com\mchange\mchange-commons-java\0.2.19\mchange-commons-java-0.2.19.jar;C:\Users\Bui Vuong\.m2\repository\io\vertx\vertx-dropwizard-metrics\4.3.4\vertx-dropwizard-metrics-4.3.4.jar;C:\Users\Bui Vuong\.m2\repository\io\dropwizard\metrics\metrics-core\4.2.0\metrics-core-4.2.0.jar;C:\Users\Bui Vuong\.m2\repository\io\vertx\vertx-pg-client\4.3.4\vertx-pg-client-4.3.4.jar;C:\Users\Bui Vuong\.m2\repository\io\vertx\vertx-sql-client-templates\4.3.4\vertx-sql-client-templates-4.3.4.jar;C:\Users\Bui Vuong\.m2\repository\io\vertx\vertx-grpc-server\4.3.4\vertx-grpc-server-4.3.4.jar;C:\Users\Bui Vuong\.m2\repository\io\vertx\vertx-grpc-common\4.3.4\vertx-grpc-common-4.3.4.jar;C:\Users\Bui Vuong\.m2\repository\io\grpc\grpc-stub\1.44.0\grpc-stub-1.44.0.jar;C:\Users\Bui Vuong\.m2\repository\io\vertx\vertx-grpc-client\4.3.4\vertx-grpc-client-4.3.4.jar;C:\Users\Bui Vuong\.m2\repository\io\vertx\vertx-grpc\4.3.4\vertx-grpc-4.3.4.jar;C:\Users\Bui Vuong\.m2\repository\io\grpc\grpc-netty\1.47.0\grpc-netty-1.47.0.jar;C:\Users\Bui Vuong\.m2\repository\io\grpc\grpc-core\1.47.0\grpc-core-1.47.0.jar;C:\Users\Bui Vuong\.m2\repository\com\google\android\annotations\4.1.1.4\annotations-4.1.1.4.jar;C:\Users\Bui Vuong\.m2\repository\io\perfmark\perfmark-api\0.25.0\perfmark-api-0.25.0.jar;C:\Users\Bui Vuong\.m2\repository\io\grpc\grpc-protobuf\1.47.0\grpc-protobuf-1.47.0.jar;C:\Users\Bui Vuong\.m2\repository\io\grpc\grpc-api\1.47.0\grpc-api-1.47.0.jar;C:\Users\Bui Vuong\.m2\repository\io\grpc\grpc-context\1.47.0\grpc-context-1.47.0.jar;C:\Users\Bui Vuong\.m2\repository\com\google\code\findbugs\jsr305\3.0.2\jsr305-3.0.2.jar;C:\Users\Bui Vuong\.m2\repository\com\google\api\grpc\proto-google-common-protos\2.0.1\proto-google-common-protos-2.0.1.jar;C:\Users\Bui Vuong\.m2\repository\io\grpc\grpc-protobuf-lite\1.47.0\grpc-protobuf-lite-1.47.0.jar;C:\Users\Bui Vuong\.m2\repository\com\google\guava\guava\30.1.1-jre\guava-30.1.1-jre.jar;C:\Users\Bui Vuong\.m2\repository\com\google\guava\failureaccess\1.0.1\failureaccess-1.0.1.jar;C:\Users\Bui Vuong\.m2\repository\com\google\guava\listenablefuture\9999.0-empty-to-avoid-conflict-with-guava\listenablefuture-9999.0-empty-to-avoid-conflict-with-guava.jar;C:\Users\Bui Vuong\.m2\repository\org\checkerframework\checker-qual\3.8.0\checker-qual-3.8.0.jar;C:\Users\Bui Vuong\.m2\repository\com\google\errorprone\error_prone_annotations\2.5.1\error_prone_annotations-2.5.1.jar;C:\Users\Bui Vuong\.m2\repository\com\google\j2objc\j2objc-annotations\1.3\j2objc-annotations-1.3.jar;C:\Users\Bui Vuong\.m2\repository\org\apache\logging\log4j\log4j-api\2.13.3\log4j-api-2.13.3.jar;C:\Users\Bui Vuong\.m2\repository\org\apache\logging\log4j\log4j-core\2.13.3\log4j-core-2.13.3.jar;C:\Users\Bui Vuong\.m2\repository\org\apache\logging\log4j\log4j-slf4j-impl\2.13.3\log4j-slf4j-impl-2.13.3.jar;C:\Users\Bui Vuong\.m2\repository\org\slf4j\slf4j-api\1.7.30\slf4j-api-1.7.30.jar;C:\Users\Bui Vuong\.m2\repository\org\apache\commons\commons-lang3\3.12.0\commons-lang3-3.12.0.jar;C:\Users\Bui Vuong\.m2\repository\com\google\protobuf\protobuf-java-util\3.5.1\protobuf-java-util-3.5.1.jar;C:\Users\Bui Vuong\.m2\repository\com\google\protobuf\protobuf-java\3.5.1\protobuf-java-3.5.1.jar;C:\Users\Bui Vuong\.m2\repository\com\google\code\gson\gson\2.7\gson-2.7.jar
                          java.class.version=52.0
                          java.endorsed.dirs=C:\Program Files\Java\jre1.8.0_121\lib\endorsed
                          java.ext.dirs=C:\Program Files\Java\jre1.8.0_121\lib\ext;C:\Windows\Sun\Java\lib\ext
                          java.home=C:\Program Files\Java\jre1.8.0_121
                          java.io.tmpdir=C:\Users\BUIVUO~1\AppData\Local\Temp\
                          java.library.path=C:\Program Files\Java\jre1.8.0_121\bin;C:\Windows\Sun\Java\bin;C:\Windows\system32;C:\Windows;C:/Program Files/Java/jre1.8.0_121/bin/server;C:/Program Files/Java/jre1.8.0_121/bin;C:/Program Files/Java/jre1.8.0_121/lib/amd64;C:\Program Files (x86)\NetSarang\Xshell 6\;C:\ProgramData\Oracle\Java\javapath;C:\Windows\system32;C:\Windows;C:\Windows\System32\Wbem;C:\Windows\System32\WindowsPowerShell\v1.0\;C:\Windows\System32\OpenSSH\;C:\Program Files\Git\cmd;C:\Program Files\Java\jdk1.8.0_121\bin;D:\tool server\apache-maven-3.6.3\bin;C:\Program Files\Docker\Docker\resources\bin;C:\ProgramData\DockerDesktop\version-bin;C:\Users\Bui Vuong\AppData\Roaming\nvm;C:\Program Files\nodejs;C:\Users\Bui Vuong\AppData\Local\Microsoft\WindowsApps;C:\Users\Bui Vuong\AppData\Roaming\npm;C:\Users\Bui Vuong\AppData\Roaming\nvm;C:\Program Files\nodejs;C:\Users\Bui Vuong\Desktop;;.
                          java.runtime.name=Java(TM) SE Runtime Environment
                          java.runtime.version=1.8.0_121-b13
                          java.specification.name=Java Platform API Specification
                          java.specification.vendor=Oracle Corporation
                          java.specification.version=1.8
                          java.vendor=Oracle Corporation
                          java.vendor.url=http://java.oracle.com/
                          java.vendor.url.bug=http://bugreport.sun.com/bugreport/
                          java.version=1.8.0_121
                          java.vm.args=-Dfile.encoding=UTF-8 
                          java.vm.info=mixed mode
                          java.vm.name=Java HotSpot(TM) 64-Bit Server VM
                          java.vm.specification.name=Java Virtual Machine Specification
                          java.vm.specification.vendor=Oracle Corporation
                          java.vm.specification.version=1.8
                          java.vm.vendor=Oracle Corporation
                          java.vm.version=25.121-b13
                          os.arch=amd64
                          os.name=Windows 10
                          os.version=10.0
                          sun.arch.data.model=64
                          sun.boot.class.path=C:\Program Files\Java\jre1.8.0_121\lib\resources.jar;C:\Program Files\Java\jre1.8.0_121\lib\rt.jar;C:\Program Files\Java\jre1.8.0_121\lib\sunrsasign.jar;C:\Program Files\Java\jre1.8.0_121\lib\jsse.jar;C:\Program Files\Java\jre1.8.0_121\lib\jce.jar;C:\Program Files\Java\jre1.8.0_121\lib\charsets.jar;C:\Program Files\Java\jre1.8.0_121\lib\jfr.jar;C:\Program Files\Java\jre1.8.0_121\classes
                          sun.boot.library.path=C:\Program Files\Java\jre1.8.0_121\bin
                          sun.cpu.endian=little
                          sun.cpu.isalist=amd64
                          sun.desktop=windows
                          sun.io.unicode.encoding=UnicodeLittle
                          sun.java.command=com.vertx.vuong.MainApplication
                          sun.java.launcher=SUN_STANDARD
                          sun.jnu.encoding=Cp1252
                          sun.management.compiler=HotSpot 64-Bit Tiered Compilers
                          sun.os.patch.level=]
28-10-2022 23:08:01 1666973281580 ConfigProperties[
                          hazelcast.diagnostics.enabled=true
                          hazelcast.discovery.enabled=false
                          hazelcast.mancenter.enabled=false
                          hazelcast.memcache.enabled=false
                          hazelcast.rest.enabled=false
                          hazelcast.shutdownhook.enabled=false
                          hazelcast.wait.seconds.before.join=0]
28-10-2022 23:08:01 1666973281580 Metric[[metric=classloading.totalLoadedClassesCount]=6916]
28-10-2022 23:08:01 1666973281580 Metric[[thread=hz.nervous_johnson.partition-operation.thread-7,unit=count,metric=operation.thread.normalPendingCount]=0]
28-10-2022 23:08:01 1666973281580 Metric[[thread=hz.nervous_johnson.generic-operation.thread-5,unit=count,metric=operation.thread.completedTotalCount]=0]
28-10-2022 23:08:01 1666973281580 Metric[[unit=ns,metric=partitions.elapsedDestinationCommitTime]=0]
28-10-2022 23:08:01 1666973281580 Metric[[unit=count,metric=operation.genericQueueSize]=0]
28-10-2022 23:08:01 1666973281580 Metric[[unit=count,metric=partitions.replicaSyncSemaphore]=10]
28-10-2022 23:08:01 1666973281580 Metric[[unit=count,metric=operation.genericThreadCount]=7]
28-10-2022 23:08:01 1666973281580 Metric[[thread=hz.nervous_johnson.partition-operation.thread-6,unit=count,metric=operation.thread.completedRunnableCount]=0]
28-10-2022 23:08:01 1666973281580 Metric[[thread=hz.nervous_johnson.partition-operation.thread-5,unit=count,metric=operation.thread.completedPacketCount]=0]
28-10-2022 23:08:01 1666973281580 Metric[[unit=count,metric=operation.completedCount]=0]
28-10-2022 23:08:01 1666973281580 Metric[[thread=hz.nervous_johnson.partition-operation.thread-2,unit=count,metric=operation.thread.completedPartitionSpecificRunnableCount]=0]
28-10-2022 23:08:01 1666973281580 Metric[[thread=hz.nervous_johnson.generic-operation.thread-4,unit=count,metric=operation.thread.completedPartitionSpecificRunnableCount]=0]
28-10-2022 23:08:01 1666973281580 Metric[[thread=hz.nervous_johnson.partition-operation.thread-2,unit=count,metric=operation.thread.completedTotalCount]=0]
28-10-2022 23:08:01 1666973281580 Metric[[thread=hz.nervous_johnson.partition-operation.thread-5,unit=count,metric=operation.thread.priorityPendingCount]=0]
28-10-2022 23:08:01 1666973281580 Metric[[thread=hz.nervous_johnson.partition-operation.thread-4,unit=count,metric=operation.thread.errorCount]=0]
28-10-2022 23:08:01 1666973281580 Metric[[thread=hz.nervous_johnson.partition-operation.thread-5,unit=count,metric=operation.thread.completedOperationBatchCount]=0]
28-10-2022 23:08:01 1666973281580 Metric[[metric=classloading.unloadedClassesCount]=0]
28-10-2022 23:08:01 1666973281580 Metric[[unit=count,metric=operation.runningPartitionCount]=0]
28-10-2022 23:08:01 1666973281580 Metric[[metric=os.committedVirtualMemorySize]=682819584]
28-10-2022 23:08:01 1666973281580 Metric[[thread=hz.nervous_johnson.partition-operation.thread-6,unit=count,metric=operation.thread.normalPendingCount]=0]
28-10-2022 23:08:01 1666973281580 Metric[[thread=hz.nervous_johnson.generic-operation.thread-4,unit=count,metric=operation.thread.completedTotalCount]=0]
28-10-2022 23:08:01 1666973281580 Metric[[unit=ns,metric=partitions.elapsedMigrationTime]=0]
28-10-2022 23:08:01 1666973281580 Metric[[unit=count,metric=partitions.migrationQueueSize]=0]
28-10-2022 23:08:01 1666973281580 Metric[[unit=count,metric=event.threadCount]=5]
28-10-2022 23:08:01 1666973281580 Metric[[metric=runtime.usedMemory]=26997408]
28-10-2022 23:08:01 1666973281580 Metric[[unit=bytes,metric=memory.maxHeap]=3787980800]
28-10-2022 23:08:01 1666973281580 Metric[[unit=ns,metric=partitions.totalElapsedMigrationTime]=0]
28-10-2022 23:08:01 1666973281580 Metric[[thread=hz.nervous_johnson.priority-generic-operation.thread-0,unit=count,metric=operation.thread.completedOperationCount]=0]
28-10-2022 23:08:01 1666973281580 Metric[[unit=ms,metric=cluster.clock.maxClusterTimeDiff]=0]
28-10-2022 23:08:01 1666973281580 Metric[[thread=hz.nervous_johnson.partition-operation.thread-5,unit=count,metric=operation.thread.completedRunnableCount]=0]
28-10-2022 23:08:01 1666973281580 Metric[[thread=hz.nervous_johnson.partition-operation.thread-6,unit=count,metric=operation.thread.completedPacketCount]=0]
28-10-2022 23:08:01 1666973281580 Metric[[unit=ns,metric=partitions.totalElapsedMigrationOperationTime]=0]
28-10-2022 23:08:01 1666973281580 Metric[[metric=os.processCpuTime]=3890625000]
28-10-2022 23:08:01 1666973281580 Metric[[thread=hz.nervous_johnson.partition-operation.thread-3,unit=count,metric=operation.thread.completedPartitionSpecificRunnableCount]=0]
28-10-2022 23:08:01 1666973281580 Metric[[unit=bytes,metric=memory.committedHeap]=282591232]
28-10-2022 23:08:01 1666973281580 Metric[[thread=hz.nervous_johnson.generic-operation.thread-3,unit=count,metric=operation.thread.completedPartitionSpecificRunnableCount]=0]
28-10-2022 23:08:01 1666973281580 Metric[[unit=count,metric=raft.terminatedRaftNodeGroupIds]=0]
28-10-2022 23:08:01 1666973281580 Metric[[thread=hz.nervous_johnson.partition-operation.thread-1,unit=count,metric=operation.thread.completedTotalCount]=0]
28-10-2022 23:08:01 1666973281580 Metric[[thread=hz.nervous_johnson.partition-operation.thread-4,unit=count,metric=operation.thread.priorityPendingCount]=0]
28-10-2022 23:08:01 1666973281580 Metric[[unit=bytes,metric=memory.freeHeap]=255593824]
28-10-2022 23:08:01 1666973281580 Metric[[thread=hz.nervous_johnson.partition-operation.thread-3,unit=count,metric=operation.thread.errorCount]=0]
28-10-2022 23:08:01 1666973281580 Metric[[thread=hz.nervous_johnson.partition-operation.thread-4,unit=count,metric=operation.thread.completedOperationBatchCount]=0]
28-10-2022 23:08:01 1666973281580 Metric[[metric=os.freePhysicalMemorySize]=8430014464]
28-10-2022 23:08:01 1666973281580 Metric[[thread=hz.nervous_johnson.partition-operation.thread-9,unit=count,metric=operation.thread.normalPendingCount]=0]
28-10-2022 23:08:01 1666973281580 Metric[[unit=count,metric=event.totalFailureCount]=0]
28-10-2022 23:08:01 1666973281580 Metric[[unit=count,metric=partitions.totalCompletedMigrations]=0]
28-10-2022 23:08:01 1666973281580 Metric[[thread=hz.nervous_johnson.partition-operation.thread-8,unit=count,metric=operation.thread.completedRunnableCount]=0]
28-10-2022 23:08:01 1666973281580 Metric[[thread=hz.nervous_johnson.partition-operation.thread-7,unit=count,metric=operation.thread.completedPacketCount]=0]
28-10-2022 23:08:01 1666973281580 Metric[[thread=hz.nervous_johnson.partition-operation.thread-4,unit=count,metric=operation.thread.completedPartitionSpecificRunnableCount]=0]
28-10-2022 23:08:01 1666973281580 Metric[[unit=ms,metric=operation.invocations.invocationScanPeriodMillis]=1000]
28-10-2022 23:08:01 1666973281580 Metric[[unit=count,metric=operation.responses.backupCount]=0]
28-10-2022 23:08:01 1666973281580 Metric[[thread=hz.nervous_johnson.partition-operation.thread-0,unit=count,metric=operation.thread.completedTotalCount]=0]
28-10-2022 23:08:01 1666973281580 Metric[[thread=hz.nervous_johnson.partition-operation.thread-3,unit=count,metric=operation.thread.priorityPendingCount]=0]
28-10-2022 23:08:01 1666973281580 Metric[[thread=hz.nervous_johnson.partition-operation.thread-2,unit=count,metric=operation.thread.errorCount]=0]
28-10-2022 23:08:01 1666973281580 Metric[[thread=hz.nervous_johnson.partition-operation.thread-7,unit=count,metric=operation.thread.completedOperationBatchCount]=0]
28-10-2022 23:08:01 1666973281580 Metric[[unit=count,metric=operation.runningGenericCount]=0]
28-10-2022 23:08:01 1666973281580 Metric[[thread=hz.nervous_johnson.generic-operation.thread-5,unit=count,metric=operation.thread.completedOperationBatchCount]=0]
28-10-2022 23:08:01 1666973281580 Metric[[thread=hz.nervous_johnson.partition-operation.thread-8,unit=count,metric=operation.thread.normalPendingCount]=0]
28-10-2022 23:08:01 1666973281580 Metric[[unit=count,metric=raft.metadata.activeMembersCommitIndex]=0]
28-10-2022 23:08:01 1666973281580 Metric[[unit=count,metric=operation.asyncOperations]=0]
28-10-2022 23:08:01 1666973281580 Metric[[metric=os.totalSwapSpaceSize]=19589513216]
28-10-2022 23:08:01 1666973281580 Metric[[thread=hz.nervous_johnson.partition-operation.thread-7,unit=count,metric=operation.thread.completedRunnableCount]=0]
28-10-2022 23:08:01 1666973281580 Metric[[thread=hz.nervous_johnson.partition-operation.thread-8,unit=count,metric=operation.thread.completedPacketCount]=0]
28-10-2022 23:08:01 1666973281580 Metric[[thread=hz.nervous_johnson.partition-operation.thread-5,unit=count,metric=operation.thread.completedPartitionSpecificRunnableCount]=0]
28-10-2022 23:08:01 1666973281580 Metric[[thread=hz.nervous_johnson.generic-operation.thread-5,unit=count,metric=operation.thread.completedPartitionSpecificRunnableCount]=0]
28-10-2022 23:08:01 1666973281580 Metric[[thread=hz.nervous_johnson.partition-operation.thread-2,unit=count,metric=operation.thread.priorityPendingCount]=0]
28-10-2022 23:08:01 1666973281580 Metric[[unit=ms,metric=gc.minorTime]=13]
28-10-2022 23:08:01 1666973281580 Metric[[thread=hz.nervous_johnson.partition-operation.thread-1,unit=count,metric=operation.thread.errorCount]=0]
28-10-2022 23:08:01 1666973281580 Metric[[thread=hz.nervous_johnson.partition-operation.thread-10,unit=count,metric=operation.thread.normalPendingCount]=0]
28-10-2022 23:08:01 1666973281580 Metric[[thread=hz.nervous_johnson.partition-operation.thread-6,unit=count,metric=operation.thread.completedOperationBatchCount]=0]
28-10-2022 23:08:01 1666973281580 Metric[[service=hz:core:clusterService,unit=count,metric=event.publicationCount]=0]
28-10-2022 23:08:01 1666973281580 Metric[[unit=count,metric=event.eventQueueSize]=0]
28-10-2022 23:08:01 1666973281580 Metric[[thread=hz.nervous_johnson.partition-operation.thread-8,unit=count,metric=operation.thread.completedOperationCount]=0]
28-10-2022 23:08:01 1666973281580 Metric[[thread=hz.nervous_johnson.generic-operation.thread-2,unit=count,metric=operation.thread.completedOperationCount]=0]
28-10-2022 23:08:01 1666973281580 Metric[[unit=count,metric=operation.callTimeoutCount]=0]
28-10-2022 23:08:01 1666973281580 Metric[[unit=boolean,metric=partitions.migrationActive]=1]
28-10-2022 23:08:01 1666973281580 Metric[[unit=count,metric=client.endpoint.totalRegistrations]=0]
28-10-2022 23:08:01 1666973281580 Metric[[metric=runtime.freeMemory]=255593824]
28-10-2022 23:08:01 1666973281580 Metric[[thread=hz.nervous_johnson.generic-operation.thread-4,unit=count,metric=operation.thread.completedRunnableCount]=0]
28-10-2022 23:08:01 1666973281580 Metric[[thread=hz.nervous_johnson.partition-operation.thread-1,unit=count,metric=operation.thread.completedPacketCount]=0]
28-10-2022 23:08:01 1666973281580 Metric[[unit=ms,metric=cluster.heartbeat.lastHeartbeat]=0]
28-10-2022 23:08:01 1666973281580 Metric[[thread=hz.nervous_johnson.partition-operation.thread-6,unit=count,metric=operation.thread.completedPartitionSpecificRunnableCount]=0]
28-10-2022 23:08:01 1666973281580 Metric[[thread=hz.nervous_johnson.generic-operation.thread-0,unit=count,metric=operation.thread.completedPartitionSpecificRunnableCount]=0]
28-10-2022 23:08:01 1666973281580 Metric[[thread=hz.nervous_johnson.partition-operation.thread-6,unit=count,metric=operation.thread.completedTotalCount]=0]
28-10-2022 23:08:01 1666973281580 Metric[[thread=hz.nervous_johnson.partition-operation.thread-1,unit=count,metric=operation.thread.priorityPendingCount]=0]
28-10-2022 23:08:01 1666973281580 Metric[[thread=hz.nervous_johnson.partition-operation.thread-10,unit=count,metric=operation.thread.completedRunnableCount]=0]
28-10-2022 23:08:01 1666973281580 Metric[[thread=hz.nervous_johnson.partition-operation.thread-8,unit=count,metric=operation.thread.errorCount]=0]
28-10-2022 23:08:01 1666973281580 Metric[[thread=hz.nervous_johnson.partition-operation.thread-11,unit=count,metric=operation.thread.normalPendingCount]=0]
28-10-2022 23:08:01 1666973281580 Metric[[thread=hz.nervous_johnson.partition-operation.thread-1,unit=count,metric=operation.thread.completedOperationBatchCount]=0]
28-10-2022 23:08:01 1666973281580 Metric[[thread=hz.nervous_johnson.partition-operation.thread-7,unit=count,metric=operation.thread.completedOperationCount]=0]
28-10-2022 23:08:01 1666973281580 Metric[[unit=count,metric=operation.invocations.delayedExecutionCount]=0]
28-10-2022 23:08:01 1666973281580 Metric[[thread=hz.nervous_johnson.generic-operation.thread-3,unit=count,metric=operation.thread.completedOperationCount]=0]
28-10-2022 23:08:01 1666973281580 Metric[[unit=count,metric=operation.responses.missingCount]=0]
28-10-2022 23:08:01 1666973281580 Metric[[thread=hz.nervous_johnson.partition-operation.thread-9,unit=count,metric=operation.thread.completedRunnableCount]=0]
28-10-2022 23:08:01 1666973281580 Metric[[thread=hz.nervous_johnson.generic-operation.thread-5,unit=count,metric=operation.thread.completedRunnableCount]=0]
28-10-2022 23:08:01 1666973281580 Metric[[thread=hz.nervous_johnson.partition-operation.thread-2,unit=count,metric=operation.thread.completedPacketCount]=0]
28-10-2022 23:08:01 1666973281580 Metric[[unit=count,metric=event.syncDeliveryFailureCount]=0]
28-10-2022 23:08:01 1666973281580 Metric[[unit=ms,metric=cluster.clock.clusterTimeDiff]=0]
28-10-2022 23:08:01 1666973281580 Metric[[unit=count,metric=raft.metadata.groups]=0]
28-10-2022 23:08:01 1666973281580 Metric[[thread=hz.nervous_johnson.partition-operation.thread-7,unit=count,metric=operation.thread.completedPartitionSpecificRunnableCount]=0]
28-10-2022 23:08:01 1666973281580 Metric[[unit=count,metric=proxy.createdCount]=0]
28-10-2022 23:08:01 1666973281580 Metric[[thread=hz.nervous_johnson.partition-operation.thread-5,unit=count,metric=operation.thread.completedTotalCount]=0]
28-10-2022 23:08:01 1666973281580 Metric[[thread=hz.nervous_johnson.partition-operation.thread-0,unit=count,metric=operation.thread.priorityPendingCount]=0]
28-10-2022 23:08:01 1666973281580 Metric[[unit=count,metric=operation.retryCount]=0]
28-10-2022 23:08:01 1666973281580 Metric[[thread=hz.nervous_johnson.partition-operation.thread-11,unit=count,metric=operation.thread.completedRunnableCount]=0]
28-10-2022 23:08:01 1666973281580 Metric[[thread=hz.nervous_johnson.priority-generic-operation.thread-0,unit=count,metric=operation.thread.completedPartitionSpecificRunnableCount]=0]
28-10-2022 23:08:01 1666973281580 Metric[[thread=hz.nervous_johnson.partition-operation.thread-7,unit=count,metric=operation.thread.errorCount]=0]
28-10-2022 23:08:01 1666973281580 Metric[[unit=ms,metric=operation.invocations.heartbeatBroadcastPeriodMillis]=15000]
28-10-2022 23:08:01 1666973281580 Metric[[thread=hz.nervous_johnson.partition-operation.thread-0,unit=count,metric=operation.thread.completedOperationBatchCount]=0]
28-10-2022 23:08:01 1666973281580 Metric[[unit=bytes,metric=memory.maxNative]=0]
28-10-2022 23:08:01 1666973281580 Metric[[thread=hz.nervous_johnson.generic-operation.thread-0,unit=count,metric=operation.thread.completedOperationCount]=0]
28-10-2022 23:08:01 1666973281580 Metric[[unit=bytes,metric=memory.totalPhysical]=17039376384]
28-10-2022 23:08:01 1666973281580 Metric[[unit=percent,metric=operation.invocations.usedPercentage]=0.0]
28-10-2022 23:08:01 1666973281580 Metric[[thread=hz.nervous_johnson.partition-operation.thread-10,unit=count,metric=operation.thread.completedOperationCount]=0]
28-10-2022 23:08:01 1666973281580 Metric[[metric=os.systemLoadAverage]=-1.0]
28-10-2022 23:08:01 1666973281580 Metric[[metric=thread.totalStartedThreadCount]=46]
28-10-2022 23:08:01 1666973281580 Metric[[thread=hz.nervous_johnson.generic-operation.thread-2,unit=count,metric=operation.thread.completedRunnableCount]=0]
28-10-2022 23:08:01 1666973281580 Metric[[thread=hz.nervous_johnson.partition-operation.thread-3,unit=count,metric=operation.thread.completedPacketCount]=0]
28-10-2022 23:08:01 1666973281580 Metric[[service=hz:core:proxyService,unit=count,metric=event.publicationCount]=0]
28-10-2022 23:08:01 1666973281580 Metric[[thread=hz.nervous_johnson.partition-operation.thread-8,unit=count,metric=operation.thread.completedPartitionSpecificRunnableCount]=0]
28-10-2022 23:08:01 1666973281580 Metric[[unit=ms,metric=gc.unknownTime]=0]
28-10-2022 23:08:01 1666973281580 Metric[[thread=hz.nervous_johnson.generic-operation.thread-2,unit=count,metric=operation.thread.completedPartitionSpecificRunnableCount]=0]
28-10-2022 23:08:01 1666973281580 Metric[[thread=hz.nervous_johnson.partition-operation.thread-4,unit=count,metric=operation.thread.completedTotalCount]=0]
28-10-2022 23:08:01 1666973281580 Metric[[thread=hz.nervous_johnson.partition-operation.thread-6,unit=count,metric=operation.thread.errorCount]=0]
28-10-2022 23:08:01 1666973281580 Metric[[thread=hz.nervous_johnson.partition-operation.thread-3,unit=count,metric=operation.thread.completedOperationBatchCount]=0]
28-10-2022 23:08:01 1666973281580 Metric[[thread=hz.nervous_johnson.partition-operation.thread-9,unit=count,metric=operation.thread.completedOperationCount]=0]
28-10-2022 23:08:01 1666973281580 Metric[[thread=hz.nervous_johnson.generic-operation.thread-1,unit=count,metric=operation.thread.completedOperationCount]=0]
28-10-2022 23:08:01 1666973281580 Metric[[unit=ms,metric=cluster.clock.clusterUpTime]=-9223370369881494221]
28-10-2022 23:08:01 1666973281580 Metric[[unit=count,metric=operation.queueSize]=0]
28-10-2022 23:08:01 1666973281580 Metric[[thread=hz.nervous_johnson.partition-operation.thread-11,unit=count,metric=operation.thread.completedOperationCount]=0]
28-10-2022 23:08:01 1666973281580 Metric[[service=hz:core:clusterService,unit=count,metric=event.listenerCount]=2]
28-10-2022 23:08:01 1666973281580 Metric[[unit=count,metric=operation.partitionThreadCount]=12]
28-10-2022 23:08:01 1666973281580 Metric[[thread=hz.nervous_johnson.generic-operation.thread-3,unit=count,metric=operation.thread.completedRunnableCount]=0]
28-10-2022 23:08:01 1666973281580 Metric[[thread=hz.nervous_johnson.partition-operation.thread-4,unit=count,metric=operation.thread.completedPacketCount]=0]
28-10-2022 23:08:01 1666973281580 Metric[[metric=thread.threadCount]=45]
28-10-2022 23:08:01 1666973281580 Metric[[thread=hz.nervous_johnson.partition-operation.thread-9,unit=count,metric=operation.thread.completedPartitionSpecificRunnableCount]=0]
28-10-2022 23:08:01 1666973281580 Metric[[thread=hz.nervous_johnson.generic-operation.thread-1,unit=count,metric=operation.thread.completedPartitionSpecificRunnableCount]=0]
28-10-2022 23:08:01 1666973281580 Metric[[unit=count,metric=operation.invocations.heartbeatPacketsSent]=1]
28-10-2022 23:08:01 1666973281580 Metric[[thread=hz.nervous_johnson.priority-generic-operation.thread-0,unit=count,metric=operation.thread.completedRunnableCount]=0]
28-10-2022 23:08:01 1666973281580 Metric[[unit=count,metric=partitions.replicaSyncRequestsCounter]=0]
28-10-2022 23:08:01 1666973281580 Metric[[thread=hz.nervous_johnson.partition-operation.thread-3,unit=count,metric=operation.thread.completedTotalCount]=0]
28-10-2022 23:08:01 1666973281580 Metric[[unit=count,metric=partitions.partitionCount]=271]
28-10-2022 23:08:01 1666973281580 Metric[[thread=hz.nervous_johnson.partition-operation.thread-11,unit=count,metric=operation.thread.completedPartitionSpecificRunnableCount]=0]
28-10-2022 23:08:01 1666973281580 Metric[[metric=runtime.maxMemory]=3787980800]
28-10-2022 23:08:01 1666973281580 Metric[[thread=hz.nervous_johnson.partition-operation.thread-5,unit=count,metric=operation.thread.errorCount]=0]
28-10-2022 23:08:01 1666973281580 Metric[[thread=hz.nervous_johnson.partition-operation.thread-2,unit=count,metric=operation.thread.completedOperationBatchCount]=0]
28-10-2022 23:08:01 1666973281580 Metric[[unit=count,metric=operation.invocations.heartbeatPacketsReceived]=1]
28-10-2022 23:08:01 1666973281580 Metric[[thread=hz.nervous_johnson.generic-operation.thread-0,unit=count,metric=operation.thread.completedOperationBatchCount]=0]
28-10-2022 23:08:01 1666973281580 Metric[[thread=hz.nervous_johnson.partition-operation.thread-11,unit=count,metric=operation.thread.completedTotalCount]=0]
28-10-2022 23:08:01 1666973281580 Metric[[service=hz:core:partitionService,unit=count,metric=event.publicationCount]=0]
28-10-2022 23:08:01 1666973281580 Metric[[metric=thread.daemonThreadCount]=8]
28-10-2022 23:08:01 1666973281580 Metric[[thread=hz.nervous_johnson.partition-operation.thread-4,unit=count,metric=operation.thread.completedOperationCount]=0]
28-10-2022 23:08:01 1666973281580 Metric[[metric=os.processCpuLoad]=13.020442720051733]
28-10-2022 23:08:01 1666973281580 Metric[[unit=bytes,metric=memory.freeNative]=0]
28-10-2022 23:08:01 1666973281580 Metric[[unit=count,metric=cluster.size]=1]
28-10-2022 23:08:01 1666973281580 Metric[[unit=count,metric=event.rejectedCount]=0]
28-10-2022 23:08:01 1666973281580 Metric[[thread=hz.nervous_johnson.generic-operation.thread-0,unit=count,metric=operation.thread.completedRunnableCount]=0]
28-10-2022 23:08:01 1666973281580 Metric[[thread=hz.nervous_johnson.partition-operation.thread-10,unit=count,metric=operation.thread.completedPartitionSpecificRunnableCount]=0]
28-10-2022 23:08:01 1666973281580 Metric[[thread=hz.nervous_johnson.partition-operation.thread-10,unit=count,metric=operation.thread.completedTotalCount]=0]
28-10-2022 23:08:01 1666973281580 Metric[[unit=count,metric=raft.missingMembers]=0]
28-10-2022 23:08:01 1666973281580 Metric[[thread=hz.nervous_johnson.partition-operation.thread-3,unit=count,metric=operation.thread.completedOperationCount]=0]
28-10-2022 23:08:01 1666973281580 Metric[[thread=hz.nervous_johnson.priority-generic-operation.thread-0,unit=count,metric=operation.thread.errorCount]=0]
28-10-2022 23:08:01 1666973281580 Metric[[thread=hz.nervous_johnson.priority-generic-operation.thread-0,unit=count,metric=operation.thread.completedOperationBatchCount]=0]
28-10-2022 23:08:01 1666973281580 Metric[[unit=ms,metric=cluster.clock.localClockTime]=1666973281791]
28-10-2022 23:08:01 1666973281580 Metric[[dir=user.home,unit=bytes,metric=file.partition.freeSpace]=56358309888]
28-10-2022 23:08:01 1666973281580 Metric[[thread=hz.nervous_johnson.generic-operation.thread-1,unit=count,metric=operation.thread.completedRunnableCount]=0]
28-10-2022 23:08:01 1666973281580 Metric[[unit=count,metric=gc.majorCount]=1]
28-10-2022 23:08:01 1666973281580 Metric[[thread=hz.nervous_johnson.partition-operation.thread-9,unit=count,metric=operation.thread.completedTotalCount]=0]
28-10-2022 23:08:01 1666973281580 Metric[[metric=thread.peakThreadCount]=56]
28-10-2022 23:08:01 1666973281580 Metric[[unit=count,metric=partitions.maxBackupCount]=0]
28-10-2022 23:08:01 1666973281580 Metric[[unit=ms,metric=operation.invocations.invocationTimeoutMillis]=60000]
28-10-2022 23:08:01 1666973281580 Metric[[unit=count,metric=operation.priorityQueueSize]=0]
28-10-2022 23:08:01 1666973281580 Metric[[thread=hz.nervous_johnson.partition-operation.thread-1,unit=count,metric=operation.thread.normalPendingCount]=0]
28-10-2022 23:08:01 1666973281580 Metric[[thread=hz.nervous_johnson.partition-operation.thread-6,unit=count,metric=operation.thread.completedOperationCount]=0]
28-10-2022 23:08:01 1666973281580 Metric[[thread=hz.nervous_johnson.generic-operation.thread-4,unit=count,metric=operation.thread.completedOperationCount]=0]
28-10-2022 23:08:01 1666973281580 Metric[[metric=runtime.totalMemory]=282591232]
28-10-2022 23:08:01 1666973281580 Metric[[unit=ms,metric=operation.invocations.backupTimeoutMillis]=5000]
28-10-2022 23:08:01 1666973281580 Metric[[unit=count,metric=operation.responses.errorCount]=0]
28-10-2022 23:08:01 1666973281580 Metric[[thread=hz.nervous_johnson.generic-operation.thread-1,unit=count,metric=operation.thread.completedPacketCount]=0]
28-10-2022 23:08:01 1666973281580 Metric[[thread=hz.nervous_johnson.partition-operation.thread-0,unit=count,metric=operation.thread.completedRunnableCount]=0]
28-10-2022 23:08:01 1666973281580 Metric[[service=hz:core:proxyService,unit=count,metric=event.listenerCount]=1]
28-10-2022 23:08:01 1666973281580 Metric[[unit=count,metric=proxy.proxyCount]=0]
28-10-2022 23:08:01 1666973281580 Metric[[thread=hz.nervous_johnson.partition-operation.thread-11,unit=count,metric=operation.thread.completedPacketCount]=0]
28-10-2022 23:08:01 1666973281580 Metric[[thread=hz.nervous_johnson.partition-operation.thread-10,unit=count,metric=operation.thread.errorCount]=0]
28-10-2022 23:08:01 1666973281580 Metric[[thread=hz.nervous_johnson.partition-operation.thread-8,unit=count,metric=operation.thread.completedTotalCount]=0]
28-10-2022 23:08:01 1666973281580 Metric[[unit=bytes,metric=memory.freePhysical]=8434229248]
28-10-2022 23:08:01 1666973281580 Metric[[unit=bytes,metric=memory.committedNative]=0]
28-10-2022 23:08:01 1666973281580 Metric[[unit=ns,metric=partitions.totalElapsedDestinationCommitTime]=0]
28-10-2022 23:08:01 1666973281580 Metric[[unit=count,metric=operation.responses.timeoutCount]=0]
28-10-2022 23:08:01 1666973281580 Metric[[thread=hz.nervous_johnson.partition-operation.thread-11,unit=count,metric=operation.thread.priorityPendingCount]=0]
28-10-2022 23:08:01 1666973281580 Metric[[thread=hz.nervous_johnson.generic-operation.thread-0,unit=count,metric=operation.thread.errorCount]=0]
28-10-2022 23:08:01 1666973281580 Metric[[unit=count,metric=operation.invocations.backupTimeouts]=0]
28-10-2022 23:08:01 1666973281580 Metric[[unit=ns,metric=partitions.elapsedMigrationOperationTime]=0]
28-10-2022 23:08:01 1666973281580 Metric[[thread=hz.nervous_johnson.partition-operation.thread-0,unit=count,metric=operation.thread.normalPendingCount]=0]
28-10-2022 23:08:01 1666973281580 Metric[[thread=hz.nervous_johnson.partition-operation.thread-5,unit=count,metric=operation.thread.completedOperationCount]=0]
28-10-2022 23:08:01 1666973281580 Metric[[unit=count,metric=operation.genericPriorityQueueSize]=0]
28-10-2022 23:08:01 1666973281580 Metric[[thread=hz.nervous_johnson.generic-operation.thread-5,unit=count,metric=operation.thread.completedOperationCount]=0]
28-10-2022 23:08:01 1666973281580 Metric[[unit=count,metric=gc.minorCount]=4]
28-10-2022 23:08:01 1666973281580 Metric[[unit=count,metric=transactions.startCount]=0]
28-10-2022 23:08:01 1666973281580 Metric[[unit=bytes,metric=memory.usedMetadata]=0]
28-10-2022 23:08:01 1666973281580 Metric[[thread=hz.nervous_johnson.generic-operation.thread-0,unit=count,metric=operation.thread.completedPacketCount]=0]
28-10-2022 23:08:01 1666973281580 Metric[[thread=hz.nervous_johnson.partition-operation.thread-0,unit=count,metric=operation.thread.completedPacketCount]=0]
28-10-2022 23:08:01 1666973281580 Metric[[metric=os.freeSwapSpaceSize]=8501731328]
28-10-2022 23:08:01 1666973281580 Metric[[metric=os.systemCpuLoad]=0.0]
28-10-2022 23:08:01 1666973281580 Metric[[metric=os.totalPhysicalMemorySize]=17039376384]
28-10-2022 23:08:01 1666973281580 Metric[[unit=ms,metric=partitions.lastRepartitionTime]=0]
28-10-2022 23:08:01 1666973281580 Metric[[thread=hz.nervous_johnson.partition-operation.thread-10,unit=count,metric=operation.thread.completedPacketCount]=0]
28-10-2022 23:08:01 1666973281580 Metric[[thread=hz.nervous_johnson.partition-operation.thread-11,unit=count,metric=operation.thread.errorCount]=0]
28-10-2022 23:08:01 1666973281580 Metric[[thread=hz.nervous_johnson.partition-operation.thread-7,unit=count,metric=operation.thread.completedTotalCount]=0]
28-10-2022 23:08:01 1666973281580 Metric[[metric=runtime.availableProcessors]=12]
28-10-2022 23:08:01 1666973281580 Metric[[unit=count,metric=event.eventsProcessed]=7]
28-10-2022 23:08:01 1666973281580 Metric[[thread=hz.nervous_johnson.partition-operation.thread-9,unit=count,metric=operation.thread.errorCount]=0]
28-10-2022 23:08:01 1666973281580 Metric[[thread=hz.nervous_johnson.generic-operation.thread-1,unit=count,metric=operation.thread.errorCount]=0]
28-10-2022 23:08:01 1666973281580 Metric[[thread=hz.nervous_johnson.generic-operation.thread-4,unit=count,metric=operation.thread.completedOperationBatchCount]=0]
28-10-2022 23:08:01 1666973281580 Metric[[unit=count,metric=operation.parker.parkQueueCount]=0]
28-10-2022 23:08:01 1666973281580 Metric[[unit=count,metric=operation.responses.normalCount]=0]
28-10-2022 23:08:01 1666973281580 Metric[[unit=count,metric=client.endpoint.count]=0]
28-10-2022 23:08:01 1666973281580 Metric[[thread=hz.nervous_johnson.partition-operation.thread-0,unit=count,metric=operation.thread.completedOperationCount]=0]
28-10-2022 23:08:01 1666973281580 Metric[[thread=hz.nervous_johnson.partition-operation.thread-3,unit=count,metric=operation.thread.normalPendingCount]=0]
28-10-2022 23:08:01 1666973281580 Metric[[thread=hz.nervous_johnson.generic-operation.thread-1,unit=count,metric=operation.thread.completedTotalCount]=0]
28-10-2022 23:08:01 1666973281580 Metric[[thread=hz.nervous_johnson.partition-operation.thread-10,unit=count,metric=operation.thread.completedOperationBatchCount]=0]
28-10-2022 23:08:01 1666973281580 Metric[[unit=count,metric=gc.unknownCount]=0]
28-10-2022 23:08:01 1666973281580 Metric[[unit=count,metric=operation.responseQueueSize]=0]
28-10-2022 23:08:01 1666973281580 Metric[[thread=hz.nervous_johnson.generic-operation.thread-3,unit=count,metric=operation.thread.completedPacketCount]=0]
28-10-2022 23:08:01 1666973281580 Metric[[thread=hz.nervous_johnson.partition-operation.thread-2,unit=count,metric=operation.thread.completedRunnableCount]=0]
28-10-2022 23:08:01 1666973281580 Metric[[unit=bytes,metric=memory.maxMetadata]=0]
28-10-2022 23:08:01 1666973281580 Metric[[thread=hz.nervous_johnson.partition-operation.thread-9,unit=count,metric=operation.thread.completedPacketCount]=0]
28-10-2022 23:08:01 1666973281580 Metric[[unit=count,metric=operation.parker.totalParkedOperationCount]=0]
28-10-2022 23:08:01 1666973281580 Metric[[unit=count,metric=partitions.localPartitionCount]=0]
28-10-2022 23:08:01 1666973281580 Metric[[unit=ms,metric=gc.majorTime]=18]
28-10-2022 23:08:01 1666973281580 Metric[[thread=hz.nervous_johnson.partition-operation.thread-9,unit=count,metric=operation.thread.priorityPendingCount]=0]
28-10-2022 23:08:01 1666973281580 Metric[[unit=count,metric=operation.runningCount]=0]
28-10-2022 23:08:01 1666973281580 Metric[[thread=hz.nervous_johnson.partition-operation.thread-0,unit=count,metric=operation.thread.errorCount]=0]
28-10-2022 23:08:01 1666973281580 Metric[[thread=hz.nervous_johnson.generic-operation.thread-2,unit=count,metric=operation.thread.errorCount]=0]
28-10-2022 23:08:01 1666973281580 Metric[[thread=hz.nervous_johnson.partition-operation.thread-9,unit=count,metric=operation.thread.completedOperationBatchCount]=0]
28-10-2022 23:08:01 1666973281580 Metric[[metric=classloading.loadedClassesCount]=6998]
28-10-2022 23:08:01 1666973281580 Metric[[thread=hz.nervous_johnson.generic-operation.thread-3,unit=count,metric=operation.thread.completedOperationBatchCount]=0]
28-10-2022 23:08:01 1666973281580 Metric[[thread=hz.nervous_johnson.partition-operation.thread-2,unit=count,metric=operation.thread.normalPendingCount]=0]
28-10-2022 23:08:01 1666973281580 Metric[[thread=hz.nervous_johnson.generic-operation.thread-0,unit=count,metric=operation.thread.completedTotalCount]=0]
28-10-2022 23:08:01 1666973281580 Metric[[unit=count,metric=operation.invocations.lastCallId]=0]
28-10-2022 23:08:01 1666973281580 Metric[[thread=hz.nervous_johnson.generic-operation.thread-2,unit=count,metric=operation.thread.completedPacketCount]=0]
28-10-2022 23:08:01 1666973281580 Metric[[thread=hz.nervous_johnson.partition-operation.thread-1,unit=count,metric=operation.thread.completedRunnableCount]=0]
28-10-2022 23:08:01 1666973281580 Metric[[unit=count,metric=transactions.commitCount]=0]
28-10-2022 23:08:01 1666973281580 Metric[[unit=count,metric=raft.destroyedGroupIds]=0]
28-10-2022 23:08:01 1666973281580 Metric[[unit=count,metric=partitions.activePartitionCount]=0]
28-10-2022 23:08:01 1666973281580 Metric[[thread=hz.nervous_johnson.partition-operation.thread-8,unit=count,metric=operation.thread.priorityPendingCount]=0]
28-10-2022 23:08:01 1666973281580 Metric[[thread=hz.nervous_johnson.partition-operation.thread-10,unit=count,metric=operation.thread.priorityPendingCount]=0]
28-10-2022 23:08:01 1666973281580 Metric[[service=hz:core:partitionService,unit=count,metric=event.listenerCount]=2]
28-10-2022 23:08:01 1666973281580 Metric[[thread=hz.nervous_johnson.generic-operation.thread-3,unit=count,metric=operation.thread.errorCount]=0]
28-10-2022 23:08:01 1666973281580 Metric[[unit=count,metric=operation.invocations.pending]=0]
28-10-2022 23:08:01 1666973281580 Metric[[thread=hz.nervous_johnson.partition-operation.thread-8,unit=count,metric=operation.thread.completedOperationBatchCount]=0]
28-10-2022 23:08:01 1666973281580 Metric[[unit=bytes,metric=memory.usedNative]=0]
28-10-2022 23:08:01 1666973281580 Metric[[thread=hz.nervous_johnson.generic-operation.thread-2,unit=count,metric=operation.thread.completedOperationBatchCount]=0]
28-10-2022 23:08:01 1666973281580 Metric[[thread=hz.nervous_johnson.priority-generic-operation.thread-0,unit=count,metric=operation.thread.completedTotalCount]=0]
28-10-2022 23:08:01 1666973281580 Metric[[thread=hz.nervous_johnson.partition-operation.thread-2,unit=count,metric=operation.thread.completedOperationCount]=0]
28-10-2022 23:08:01 1666973281580 Metric[[thread=hz.nervous_johnson.partition-operation.thread-5,unit=count,metric=operation.thread.normalPendingCount]=0]
28-10-2022 23:08:01 1666973281580 Metric[[thread=hz.nervous_johnson.generic-operation.thread-3,unit=count,metric=operation.thread.completedTotalCount]=0]
28-10-2022 23:08:01 1666973281580 Metric[[dir=user.home,unit=bytes,metric=file.partition.totalSpace]=144366891008]
28-10-2022 23:08:01 1666973281580 Metric[[unit=ms,metric=cluster.clock.clusterStartTime]=-9223372036854775808]
28-10-2022 23:08:01 1666973281580 Metric[[unit=ms,metric=cluster.clock.clusterTime]=1666973281793]
28-10-2022 23:08:01 1666973281580 Metric[[unit=count,metric=partitions.plannedMigrations]=0]
28-10-2022 23:08:01 1666973281580 Metric[[thread=hz.nervous_johnson.generic-operation.thread-5,unit=count,metric=operation.thread.completedPacketCount]=0]
28-10-2022 23:08:01 1666973281580 Metric[[thread=hz.nervous_johnson.partition-operation.thread-4,unit=count,metric=operation.thread.completedRunnableCount]=0]
28-10-2022 23:08:01 1666973281580 Metric[[thread=hz.nervous_johnson.partition-operation.thread-0,unit=count,metric=operation.thread.completedPartitionSpecificRunnableCount]=0]
28-10-2022 23:08:01 1666973281580 Metric[[dir=user.home,unit=bytes,metric=file.partition.usableSpace]=56358309888]
28-10-2022 23:08:01 1666973281580 Metric[[unit=count,metric=proxy.destroyedCount]=0]
28-10-2022 23:08:01 1666973281580 Metric[[thread=hz.nervous_johnson.partition-operation.thread-7,unit=count,metric=operation.thread.priorityPendingCount]=0]
28-10-2022 23:08:01 1666973281580 Metric[[unit=count,metric=operation.invocations.normalTimeouts]=0]
28-10-2022 23:08:01 1666973281580 Metric[[unit=count,metric=raft.metadata.activeMembers]=0]
28-10-2022 23:08:01 1666973281580 Metric[[unit=count,metric=operation.failedBackups]=0]
28-10-2022 23:08:01 1666973281580 Metric[[thread=hz.nervous_johnson.generic-operation.thread-4,unit=count,metric=operation.thread.errorCount]=0]
28-10-2022 23:08:01 1666973281580 Metric[[unit=count,metric=partitions.memberGroupsSize]=0]
28-10-2022 23:08:01 1666973281580 Metric[[thread=hz.nervous_johnson.generic-operation.thread-1,unit=count,metric=operation.thread.completedOperationBatchCount]=0]
28-10-2022 23:08:01 1666973281580 Metric[[unit=count,metric=operation.operationTimeoutCount]=0]
28-10-2022 23:08:01 1666973281580 Metric[[thread=hz.nervous_johnson.partition-operation.thread-1,unit=count,metric=operation.thread.completedOperationCount]=0]
28-10-2022 23:08:01 1666973281580 Metric[[thread=hz.nervous_johnson.partition-operation.thread-4,unit=count,metric=operation.thread.normalPendingCount]=0]
28-10-2022 23:08:01 1666973281580 Metric[[thread=hz.nervous_johnson.generic-operation.thread-2,unit=count,metric=operation.thread.completedTotalCount]=0]
28-10-2022 23:08:01 1666973281580 Metric[[thread=hz.nervous_johnson.partition-operation.thread-11,unit=count,metric=operation.thread.completedOperationBatchCount]=0]
28-10-2022 23:08:01 1666973281580 Metric[[unit=count,metric=transactions.rollbackCount]=0]
28-10-2022 23:08:01 1666973281580 Metric[[thread=hz.nervous_johnson.priority-generic-operation.thread-0,unit=count,metric=operation.thread.completedPacketCount]=0]
28-10-2022 23:08:01 1666973281580 Metric[[metric=runtime.uptime]=2647]
28-10-2022 23:08:01 1666973281580 Metric[[unit=count,metric=event.queueCapacity]=1000000]
28-10-2022 23:08:01 1666973281580 Metric[[thread=hz.nervous_johnson.generic-operation.thread-4,unit=count,metric=operation.thread.completedPacketCount]=0]
28-10-2022 23:08:01 1666973281580 Metric[[thread=hz.nervous_johnson.partition-operation.thread-3,unit=count,metric=operation.thread.completedRunnableCount]=0]
28-10-2022 23:08:01 1666973281580 Metric[[unit=count,metric=raft.nodes]=0]
28-10-2022 23:08:01 1666973281580 Metric[[thread=hz.nervous_johnson.partition-operation.thread-1,unit=count,metric=operation.thread.completedPartitionSpecificRunnableCount]=0]
28-10-2022 23:08:01 1666973281580 Metric[[unit=count,metric=partitions.stateStamp]=0]
28-10-2022 23:08:01 1666973281580 Metric[[unit=count,metric=partitions.completedMigrations]=0]
28-10-2022 23:08:01 1666973281580 Metric[[thread=hz.nervous_johnson.partition-operation.thread-6,unit=count,metric=operation.thread.priorityPendingCount]=0]
28-10-2022 23:08:01 1666973281580 Metric[[unit=bytes,metric=memory.usedHeap]=32559088]
28-10-2022 23:08:01 1666973281580 Metric[[thread=hz.nervous_johnson.generic-operation.thread-5,unit=count,metric=operation.thread.errorCount]=0]
28-10-2022 23:08:01 1666973281580 Metric[[thread=hz.nervous_johnson.IO.thread-Acceptor,unit=ms,metric=tcp.acceptor.idleTimeMillis]=1666973281795]
28-10-2022 23:08:01 1666973281580 Metric[[thread=hz.nervous_johnson.IO.thread-Acceptor,unit=count,metric=tcp.acceptor.eventCount]=0]
28-10-2022 23:08:01 1666973281580 Metric[[thread=hz.nervous_johnson.IO.thread-Acceptor,unit=count,metric=tcp.acceptor.exceptionCount]=0]
28-10-2022 23:08:01 1666973281580 Metric[[thread=hz.nervous_johnson.IO.thread-Acceptor,unit=count,metric=tcp.acceptor.selectorRecreateCount]=0]
28-10-2022 23:08:01 1666973281580 Metric[[unit=count,metric=tcp.connection.count]=0]
28-10-2022 23:08:01 1666973281580 Metric[[unit=count,metric=tcp.connection.inProgressCount]=0]
28-10-2022 23:08:01 1666973281580 Metric[[unit=count,metric=tcp.connection.openedCount]=0]
28-10-2022 23:08:01 1666973281580 Metric[[unit=count,metric=tcp.connection.closedCount]=0]
28-10-2022 23:08:01 1666973281580 Metric[[unit=count,metric=tcp.connection.activeCount]=0]
28-10-2022 23:08:01 1666973281580 Metric[[unit=count,metric=tcp.connection.acceptedSocketCount]=0]
28-10-2022 23:08:01 1666973281580 Metric[[unit=count,metric=tcp.connection.connectionListenerCount]=3]
28-10-2022 23:08:01 1666973281580 Metric[[unit=count,metric=tcp.connection.clientCount]=0]
28-10-2022 23:08:01 1666973281580 Metric[[unit=count,metric=tcp.connection.textCount]=0]
28-10-2022 23:08:01 1666973281580 Metric[[thread=hz.nervous_johnson.IO.thread-in-0,unit=ms,metric=tcp.inputThread.idleTimeMillis]=1666973281797]
28-10-2022 23:08:01 1666973281580 Metric[[thread=hz.nervous_johnson.IO.thread-in-0,unit=count,metric=tcp.inputThread.ioThreadId]=0]
28-10-2022 23:08:01 1666973281580 Metric[[thread=hz.nervous_johnson.IO.thread-in-0,unit=bytes,metric=tcp.inputThread.bytesTransceived]=0]
28-10-2022 23:08:01 1666973281580 Metric[[thread=hz.nervous_johnson.IO.thread-in-0,unit=count,metric=tcp.inputThread.framesTransceived]=0]
28-10-2022 23:08:01 1666973281580 Metric[[thread=hz.nervous_johnson.IO.thread-in-0,unit=count,metric=tcp.inputThread.priorityFramesTransceived]=0]
28-10-2022 23:08:01 1666973281580 Metric[[thread=hz.nervous_johnson.IO.thread-in-0,unit=count,metric=tcp.inputThread.processCount]=0]
28-10-2022 23:08:01 1666973281580 Metric[[thread=hz.nervous_johnson.IO.thread-in-0,unit=count,metric=tcp.inputThread.taskQueueSize]=0]
28-10-2022 23:08:01 1666973281580 Metric[[thread=hz.nervous_johnson.IO.thread-in-0,unit=count,metric=tcp.inputThread.eventCount]=0]
28-10-2022 23:08:01 1666973281580 Metric[[thread=hz.nervous_johnson.IO.thread-in-0,unit=count,metric=tcp.inputThread.selectorIOExceptionCount]=0]
28-10-2022 23:08:01 1666973281580 Metric[[thread=hz.nervous_johnson.IO.thread-in-0,unit=count,metric=tcp.inputThread.completedTaskCount]=0]
28-10-2022 23:08:01 1666973281580 Metric[[thread=hz.nervous_johnson.IO.thread-in-0,unit=count,metric=tcp.inputThread.selectorRebuildCount]=0]
28-10-2022 23:08:01 1666973281580 Metric[[thread=hz.nervous_johnson.IO.thread-in-1,unit=ms,metric=tcp.inputThread.idleTimeMillis]=1666973281797]
28-10-2022 23:08:01 1666973281580 Metric[[thread=hz.nervous_johnson.IO.thread-in-1,unit=count,metric=tcp.inputThread.ioThreadId]=1]
28-10-2022 23:08:01 1666973281580 Metric[[thread=hz.nervous_johnson.IO.thread-in-1,unit=bytes,metric=tcp.inputThread.bytesTransceived]=0]
28-10-2022 23:08:01 1666973281580 Metric[[thread=hz.nervous_johnson.IO.thread-in-1,unit=count,metric=tcp.inputThread.framesTransceived]=0]
28-10-2022 23:08:01 1666973281580 Metric[[thread=hz.nervous_johnson.IO.thread-in-1,unit=count,metric=tcp.inputThread.priorityFramesTransceived]=0]
28-10-2022 23:08:01 1666973281580 Metric[[thread=hz.nervous_johnson.IO.thread-in-1,unit=count,metric=tcp.inputThread.processCount]=0]
28-10-2022 23:08:01 1666973281580 Metric[[thread=hz.nervous_johnson.IO.thread-in-1,unit=count,metric=tcp.inputThread.taskQueueSize]=0]
28-10-2022 23:08:01 1666973281580 Metric[[thread=hz.nervous_johnson.IO.thread-in-1,unit=count,metric=tcp.inputThread.eventCount]=0]
28-10-2022 23:08:01 1666973281580 Metric[[thread=hz.nervous_johnson.IO.thread-in-1,unit=count,metric=tcp.inputThread.selectorIOExceptionCount]=0]
28-10-2022 23:08:01 1666973281580 Metric[[thread=hz.nervous_johnson.IO.thread-in-1,unit=count,metric=tcp.inputThread.completedTaskCount]=0]
28-10-2022 23:08:01 1666973281580 Metric[[thread=hz.nervous_johnson.IO.thread-in-1,unit=count,metric=tcp.inputThread.selectorRebuildCount]=0]
28-10-2022 23:08:01 1666973281580 Metric[[thread=hz.nervous_johnson.IO.thread-in-2,unit=ms,metric=tcp.inputThread.idleTimeMillis]=1666973281797]
28-10-2022 23:08:01 1666973281580 Metric[[thread=hz.nervous_johnson.IO.thread-in-2,unit=count,metric=tcp.inputThread.ioThreadId]=2]
28-10-2022 23:08:01 1666973281580 Metric[[thread=hz.nervous_johnson.IO.thread-in-2,unit=bytes,metric=tcp.inputThread.bytesTransceived]=0]
28-10-2022 23:08:01 1666973281580 Metric[[thread=hz.nervous_johnson.IO.thread-in-2,unit=count,metric=tcp.inputThread.framesTransceived]=0]
28-10-2022 23:08:01 1666973281580 Metric[[thread=hz.nervous_johnson.IO.thread-in-2,unit=count,metric=tcp.inputThread.priorityFramesTransceived]=0]
28-10-2022 23:08:01 1666973281580 Metric[[thread=hz.nervous_johnson.IO.thread-in-2,unit=count,metric=tcp.inputThread.processCount]=0]
28-10-2022 23:08:01 1666973281580 Metric[[thread=hz.nervous_johnson.IO.thread-in-2,unit=count,metric=tcp.inputThread.taskQueueSize]=0]
28-10-2022 23:08:01 1666973281580 Metric[[thread=hz.nervous_johnson.IO.thread-in-2,unit=count,metric=tcp.inputThread.eventCount]=0]
28-10-2022 23:08:01 1666973281580 Metric[[thread=hz.nervous_johnson.IO.thread-in-2,unit=count,metric=tcp.inputThread.selectorIOExceptionCount]=0]
28-10-2022 23:08:01 1666973281580 Metric[[thread=hz.nervous_johnson.IO.thread-in-2,unit=count,metric=tcp.inputThread.completedTaskCount]=0]
28-10-2022 23:08:01 1666973281580 Metric[[thread=hz.nervous_johnson.IO.thread-in-2,unit=count,metric=tcp.inputThread.selectorRebuildCount]=0]
28-10-2022 23:08:01 1666973281580 Metric[[thread=hz.nervous_johnson.IO.thread-out-0,unit=ms,metric=tcp.outputThread.idleTimeMillis]=1666973281797]
28-10-2022 23:08:01 1666973281580 Metric[[thread=hz.nervous_johnson.IO.thread-out-0,unit=count,metric=tcp.outputThread.ioThreadId]=0]
28-10-2022 23:08:01 1666973281580 Metric[[thread=hz.nervous_johnson.IO.thread-out-0,unit=bytes,metric=tcp.outputThread.bytesTransceived]=0]
28-10-2022 23:08:01 1666973281580 Metric[[thread=hz.nervous_johnson.IO.thread-out-0,unit=count,metric=tcp.outputThread.framesTransceived]=0]
28-10-2022 23:08:01 1666973281580 Metric[[thread=hz.nervous_johnson.IO.thread-out-0,unit=count,metric=tcp.outputThread.priorityFramesTransceived]=0]
28-10-2022 23:08:01 1666973281580 Metric[[thread=hz.nervous_johnson.IO.thread-out-0,unit=count,metric=tcp.outputThread.processCount]=0]
28-10-2022 23:08:01 1666973281580 Metric[[thread=hz.nervous_johnson.IO.thread-out-0,unit=count,metric=tcp.outputThread.taskQueueSize]=0]
28-10-2022 23:08:01 1666973281580 Metric[[thread=hz.nervous_johnson.IO.thread-out-0,unit=count,metric=tcp.outputThread.eventCount]=0]
28-10-2022 23:08:01 1666973281580 Metric[[thread=hz.nervous_johnson.IO.thread-out-0,unit=count,metric=tcp.outputThread.selectorIOExceptionCount]=0]
28-10-2022 23:08:01 1666973281580 Metric[[thread=hz.nervous_johnson.IO.thread-out-0,unit=count,metric=tcp.outputThread.completedTaskCount]=0]
28-10-2022 23:08:01 1666973281580 Metric[[thread=hz.nervous_johnson.IO.thread-out-0,unit=count,metric=tcp.outputThread.selectorRebuildCount]=0]
28-10-2022 23:08:01 1666973281580 Metric[[thread=hz.nervous_johnson.IO.thread-out-1,unit=ms,metric=tcp.outputThread.idleTimeMillis]=1666973281797]
28-10-2022 23:08:01 1666973281580 Metric[[thread=hz.nervous_johnson.IO.thread-out-1,unit=count,metric=tcp.outputThread.ioThreadId]=1]
28-10-2022 23:08:01 1666973281580 Metric[[thread=hz.nervous_johnson.IO.thread-out-1,unit=bytes,metric=tcp.outputThread.bytesTransceived]=0]
28-10-2022 23:08:01 1666973281580 Metric[[thread=hz.nervous_johnson.IO.thread-out-1,unit=count,metric=tcp.outputThread.framesTransceived]=0]
28-10-2022 23:08:01 1666973281580 Metric[[thread=hz.nervous_johnson.IO.thread-out-1,unit=count,metric=tcp.outputThread.priorityFramesTransceived]=0]
28-10-2022 23:08:01 1666973281580 Metric[[thread=hz.nervous_johnson.IO.thread-out-1,unit=count,metric=tcp.outputThread.processCount]=0]
28-10-2022 23:08:01 1666973281580 Metric[[thread=hz.nervous_johnson.IO.thread-out-1,unit=count,metric=tcp.outputThread.taskQueueSize]=0]
28-10-2022 23:08:01 1666973281580 Metric[[thread=hz.nervous_johnson.IO.thread-out-1,unit=count,metric=tcp.outputThread.eventCount]=0]
28-10-2022 23:08:01 1666973281580 Metric[[thread=hz.nervous_johnson.IO.thread-out-1,unit=count,metric=tcp.outputThread.selectorIOExceptionCount]=0]
28-10-2022 23:08:01 1666973281580 Metric[[thread=hz.nervous_johnson.IO.thread-out-1,unit=count,metric=tcp.outputThread.completedTaskCount]=0]
28-10-2022 23:08:01 1666973281580 Metric[[thread=hz.nervous_johnson.IO.thread-out-1,unit=count,metric=tcp.outputThread.selectorRebuildCount]=0]
28-10-2022 23:08:01 1666973281580 Metric[[thread=hz.nervous_johnson.IO.thread-out-2,unit=ms,metric=tcp.outputThread.idleTimeMillis]=1666973281797]
28-10-2022 23:08:01 1666973281580 Metric[[thread=hz.nervous_johnson.IO.thread-out-2,unit=count,metric=tcp.outputThread.ioThreadId]=2]
28-10-2022 23:08:01 1666973281580 Metric[[thread=hz.nervous_johnson.IO.thread-out-2,unit=bytes,metric=tcp.outputThread.bytesTransceived]=0]
28-10-2022 23:08:01 1666973281580 Metric[[thread=hz.nervous_johnson.IO.thread-out-2,unit=count,metric=tcp.outputThread.framesTransceived]=0]
28-10-2022 23:08:01 1666973281580 Metric[[thread=hz.nervous_johnson.IO.thread-out-2,unit=count,metric=tcp.outputThread.priorityFramesTransceived]=0]
28-10-2022 23:08:01 1666973281580 Metric[[thread=hz.nervous_johnson.IO.thread-out-2,unit=count,metric=tcp.outputThread.processCount]=0]
28-10-2022 23:08:01 1666973281580 Metric[[thread=hz.nervous_johnson.IO.thread-out-2,unit=count,metric=tcp.outputThread.taskQueueSize]=0]
28-10-2022 23:08:01 1666973281580 Metric[[thread=hz.nervous_johnson.IO.thread-out-2,unit=count,metric=tcp.outputThread.eventCount]=0]
28-10-2022 23:08:01 1666973281580 Metric[[thread=hz.nervous_johnson.IO.thread-out-2,unit=count,metric=tcp.outputThread.selectorIOExceptionCount]=0]
28-10-2022 23:08:01 1666973281580 Metric[[thread=hz.nervous_johnson.IO.thread-out-2,unit=count,metric=tcp.outputThread.completedTaskCount]=0]
28-10-2022 23:08:01 1666973281580 Metric[[thread=hz.nervous_johnson.IO.thread-out-2,unit=count,metric=tcp.outputThread.selectorRebuildCount]=0]
28-10-2022 23:08:01 1666973281580 Metric[[unit=count,metric=tcp.balancer.imbalanceDetectedCount]=0]
28-10-2022 23:08:01 1666973281580 Metric[[unit=count,metric=tcp.balancer.migrationCompletedCount]=0]
28-10-2022 23:08:01 1666973281580 Metric[[unit=bytes,metric=tcp.bytesSend]=0]
28-10-2022 23:08:01 1666973281580 Metric[[unit=bytes,metric=tcp.bytesReceived]=0]
28-10-2022 23:08:01 1666973281580 Metric[[unit=count,metric=tcp.packetsSend]=0]
28-10-2022 23:08:01 1666973281580 Metric[[unit=count,metric=tcp.packetsReceived]=0]
28-10-2022 23:08:01 1666973281580 Metric[[name=hz:cluster,unit=count,metric=executor.internal.completedTasks]=0]
28-10-2022 23:08:01 1666973281580 Metric[[name=hz:cluster,unit=count,metric=executor.internal.maximumPoolSize]=2]
28-10-2022 23:08:01 1666973281580 Metric[[name=hz:cluster,unit=count,metric=executor.internal.poolSize]=0]
28-10-2022 23:08:01 1666973281580 Metric[[name=hz:cluster,unit=count,metric=executor.internal.queueSize]=0]
28-10-2022 23:08:01 1666973281580 Metric[[name=hz:cluster,unit=count,metric=executor.internal.remainingQueueCapacity]=2147483647]
28-10-2022 23:08:01 1666973281580 Metric[[name=hz:cluster:event,unit=count,metric=executor.internal.completedTasks]=6]
28-10-2022 23:08:01 1666973281580 Metric[[name=hz:cluster:event,unit=count,metric=executor.internal.maximumPoolSize]=1]
28-10-2022 23:08:01 1666973281580 Metric[[name=hz:cluster:event,unit=count,metric=executor.internal.poolSize]=0]
28-10-2022 23:08:01 1666973281580 Metric[[name=hz:cluster:event,unit=count,metric=executor.internal.queueSize]=0]
28-10-2022 23:08:01 1666973281580 Metric[[name=hz:cluster:event,unit=count,metric=executor.internal.remainingQueueCapacity]=2147483647]
28-10-2022 23:08:01 1666973281580 Metric[[name=hz:offloadable,unit=count,metric=executor.internal.completedTasks]=0]
28-10-2022 23:08:01 1666973281580 Metric[[name=hz:offloadable,unit=count,metric=executor.internal.maximumPoolSize]=12]
28-10-2022 23:08:01 1666973281580 Metric[[name=hz:offloadable,unit=count,metric=executor.internal.poolSize]=0]
28-10-2022 23:08:01 1666973281580 Metric[[name=hz:offloadable,unit=count,metric=executor.internal.queueSize]=0]
28-10-2022 23:08:01 1666973281580 Metric[[name=hz:offloadable,unit=count,metric=executor.internal.remainingQueueCapacity]=100000]
28-10-2022 23:08:01 1666973281580 Metric[[name=hz:client,unit=count,metric=executor.internal.completedTasks]=0]
28-10-2022 23:08:01 1666973281580 Metric[[name=hz:client,unit=count,metric=executor.internal.maximumPoolSize]=12]
28-10-2022 23:08:01 1666973281580 Metric[[name=hz:client,unit=count,metric=executor.internal.poolSize]=0]
28-10-2022 23:08:01 1666973281580 Metric[[name=hz:client,unit=count,metric=executor.internal.queueSize]=0]
28-10-2022 23:08:01 1666973281580 Metric[[name=hz:client,unit=count,metric=executor.internal.remainingQueueCapacity]=1200000]
28-10-2022 23:08:01 1666973281580 Metric[[name=hz:scheduled:cqc:8ee86b8a-78ce-4015-a167-b0e52698d915,unit=count,metric=executor.internal.completedTasks]=0]
28-10-2022 23:08:01 1666973281580 Metric[[name=hz:scheduled:cqc:8ee86b8a-78ce-4015-a167-b0e52698d915,unit=count,metric=executor.internal.maximumPoolSize]=1]
28-10-2022 23:08:01 1666973281580 Metric[[name=hz:scheduled:cqc:8ee86b8a-78ce-4015-a167-b0e52698d915,unit=count,metric=executor.internal.poolSize]=0]
28-10-2022 23:08:01 1666973281580 Metric[[name=hz:scheduled:cqc:8ee86b8a-78ce-4015-a167-b0e52698d915,unit=count,metric=executor.internal.queueSize]=0]
28-10-2022 23:08:01 1666973281580 Metric[[name=hz:scheduled:cqc:8ee86b8a-78ce-4015-a167-b0e52698d915,unit=count,metric=executor.internal.remainingQueueCapacity]=10000]
28-10-2022 23:08:01 1666973281580 Metric[[name=hz:cluster:mastership,unit=count,metric=executor.internal.completedTasks]=0]
28-10-2022 23:08:01 1666973281580 Metric[[name=hz:cluster:mastership,unit=count,metric=executor.internal.maximumPoolSize]=1]
28-10-2022 23:08:01 1666973281580 Metric[[name=hz:cluster:mastership,unit=count,metric=executor.internal.poolSize]=0]
28-10-2022 23:08:01 1666973281580 Metric[[name=hz:cluster:mastership,unit=count,metric=executor.internal.queueSize]=0]
28-10-2022 23:08:01 1666973281580 Metric[[name=hz:cluster:mastership,unit=count,metric=executor.internal.remainingQueueCapacity]=2147483647]
28-10-2022 23:08:01 1666973281580 Metric[[name=hz:async,unit=count,metric=executor.internal.completedTasks]=0]
28-10-2022 23:08:01 1666973281580 Metric[[name=hz:async,unit=count,metric=executor.internal.maximumPoolSize]=12]
28-10-2022 23:08:01 1666973281580 Metric[[name=hz:async,unit=count,metric=executor.internal.poolSize]=0]
28-10-2022 23:08:01 1666973281580 Metric[[name=hz:async,unit=count,metric=executor.internal.queueSize]=0]
28-10-2022 23:08:01 1666973281580 Metric[[name=hz:async,unit=count,metric=executor.internal.remainingQueueCapacity]=100000]
28-10-2022 23:08:01 1666973281580 Metric[[name=hz:client-blocking-tasks,unit=count,metric=executor.internal.completedTasks]=0]
28-10-2022 23:08:01 1666973281580 Metric[[name=hz:client-blocking-tasks,unit=count,metric=executor.internal.maximumPoolSize]=240]
28-10-2022 23:08:01 1666973281580 Metric[[name=hz:client-blocking-tasks,unit=count,metric=executor.internal.poolSize]=0]
28-10-2022 23:08:01 1666973281580 Metric[[name=hz:client-blocking-tasks,unit=count,metric=executor.internal.queueSize]=0]
28-10-2022 23:08:01 1666973281580 Metric[[name=hz:client-blocking-tasks,unit=count,metric=executor.internal.remainingQueueCapacity]=1200000]
28-10-2022 23:08:01 1666973281580 Metric[[name=hz:client-query,unit=count,metric=executor.internal.completedTasks]=0]
28-10-2022 23:08:01 1666973281580 Metric[[name=hz:client-query,unit=count,metric=executor.internal.maximumPoolSize]=12]
28-10-2022 23:08:01 1666973281580 Metric[[name=hz:client-query,unit=count,metric=executor.internal.poolSize]=0]
28-10-2022 23:08:01 1666973281580 Metric[[name=hz:client-query,unit=count,metric=executor.internal.queueSize]=0]
28-10-2022 23:08:01 1666973281580 Metric[[name=hz:client-query,unit=count,metric=executor.internal.remainingQueueCapacity]=1200000]
28-10-2022 23:08:01 1666973281580 Metric[[name=hz:scheduled,unit=count,metric=executor.internal.completedTasks]=1]
28-10-2022 23:08:01 1666973281580 Metric[[name=hz:scheduled,unit=count,metric=executor.internal.maximumPoolSize]=24]
28-10-2022 23:08:01 1666973281580 Metric[[name=hz:scheduled,unit=count,metric=executor.internal.poolSize]=0]
28-10-2022 23:08:01 1666973281580 Metric[[name=hz:scheduled,unit=count,metric=executor.internal.queueSize]=0]
28-10-2022 23:08:01 1666973281580 Metric[[name=hz:scheduled,unit=count,metric=executor.internal.remainingQueueCapacity]=1200000]
28-10-2022 23:08:01 1666973281580 Metric[[name=hz:system,unit=count,metric=executor.internal.completedTasks]=0]
28-10-2022 23:08:01 1666973281580 Metric[[name=hz:system,unit=count,metric=executor.internal.maximumPoolSize]=12]
28-10-2022 23:08:01 1666973281580 Metric[[name=hz:system,unit=count,metric=executor.internal.poolSize]=0]
28-10-2022 23:08:01 1666973281580 Metric[[name=hz:system,unit=count,metric=executor.internal.queueSize]=0]
28-10-2022 23:08:01 1666973281580 Metric[[name=hz:system,unit=count,metric=executor.internal.remainingQueueCapacity]=2147483647]
28-10-2022 23:08:01 1666973281580 Metric[[name=MetricsPublisher,unit=count,metric=executor.internal.completedTasks]=0]
28-10-2022 23:08:01 1666973281580 Metric[[name=MetricsPublisher,unit=count,metric=executor.internal.maximumPoolSize]=16]
28-10-2022 23:08:01 1666973281580 Metric[[name=MetricsPublisher,unit=count,metric=executor.internal.poolSize]=0]
28-10-2022 23:08:01 1666973281580 Metric[[name=MetricsPublisher,unit=count,metric=executor.internal.queueSize]=0]
28-10-2022 23:08:01 1666973281580 Metric[[name=MetricsPublisher,unit=count,metric=executor.internal.remainingQueueCapacity]=2147483647]
28-10-2022 23:08:01 1666973281580 Metric[[name=hz:cluster:splitbrain,unit=count,metric=executor.internal.completedTasks]=0]
28-10-2022 23:08:01 1666973281580 Metric[[name=hz:cluster:splitbrain,unit=count,metric=executor.internal.maximumPoolSize]=2]
28-10-2022 23:08:01 1666973281580 Metric[[name=hz:cluster:splitbrain,unit=count,metric=executor.internal.poolSize]=0]
28-10-2022 23:08:01 1666973281580 Metric[[name=hz:cluster:splitbrain,unit=count,metric=executor.internal.queueSize]=0]
28-10-2022 23:08:01 1666973281580 Metric[[name=hz:cluster:splitbrain,unit=count,metric=executor.internal.remainingQueueCapacity]=2147483647]
28-10-2022 23:08:01 1666973281580 Metric[[name=hz:cluster:version:auto:upgrade,unit=count,metric=executor.internal.completedTasks]=0]
28-10-2022 23:08:01 1666973281580 Metric[[name=hz:cluster:version:auto:upgrade,unit=count,metric=executor.internal.maximumPoolSize]=1]
28-10-2022 23:08:01 1666973281580 Metric[[name=hz:cluster:version:auto:upgrade,unit=count,metric=executor.internal.poolSize]=0]
28-10-2022 23:08:01 1666973281580 Metric[[name=hz:cluster:version:auto:upgrade,unit=count,metric=executor.internal.queueSize]=0]
28-10-2022 23:08:01 1666973281580 Metric[[name=hz:cluster:version:auto:upgrade,unit=count,metric=executor.internal.remainingQueueCapacity]=2147483647]
28-10-2022 23:08:01 1666973281580 Metric[[name=hz:query,unit=count,metric=executor.internal.completedTasks]=0]
28-10-2022 23:08:01 1666973281580 Metric[[name=hz:query,unit=count,metric=executor.internal.maximumPoolSize]=16]
28-10-2022 23:08:01 1666973281580 Metric[[name=hz:query,unit=count,metric=executor.internal.poolSize]=0]
28-10-2022 23:08:01 1666973281580 Metric[[name=hz:query,unit=count,metric=executor.internal.queueSize]=0]
28-10-2022 23:08:01 1666973281580 Metric[[name=hz:query,unit=count,metric=executor.internal.remainingQueueCapacity]=2147483647]
28-10-2022 23:08:01 1666973281580 Metric[[name=hz:CRDTReplicationMigration,unit=count,metric=executor.internal.completedTasks]=1]
28-10-2022 23:08:01 1666973281580 Metric[[name=hz:CRDTReplicationMigration,unit=count,metric=executor.internal.maximumPoolSize]=16]
28-10-2022 23:08:01 1666973281580 Metric[[name=hz:CRDTReplicationMigration,unit=count,metric=executor.internal.poolSize]=0]
28-10-2022 23:08:01 1666973281580 Metric[[name=hz:CRDTReplicationMigration,unit=count,metric=executor.internal.queueSize]=0]
28-10-2022 23:08:01 1666973281580 Metric[[name=hz:CRDTReplicationMigration,unit=count,metric=executor.internal.remainingQueueCapacity]=2147483647]
28-10-2022 23:08:01 1666973281804 SlowOperations[]
28-10-2022 23:08:01 1666973281804 InvocationProfiler[]
28-10-2022 23:08:01 1666973281804 OperationsProfiler[]
28-10-2022 23:08:01 1666973281804 HazelcastInstance[
                          thisAddress=[192.168.1.33]:5701
                          isRunning=true
                          isLite=false
                          joined=false
                          nodeState=ACTIVE
                          clusterId=null
                          clusterSize=1
                          isMaster=false
                          masterAddress=null
                          Members[
                                  [192.168.1.33]:5701]]
28-10-2022 23:08:01 1666973281805 ClusterVersionChanged[
                          4.2]
28-10-2022 23:08:01 1666973281805 Lifecycle[
                          STARTING]
28-10-2022 23:08:01 1666973281805 MemberAdded[
                          member=[192.168.1.33]:5701
                          Members[
                                  [192.168.1.33]:5701:this:master]]
28-10-2022 23:08:04 1666973284590 ClusterVersionChanged[
                          4.2]
28-10-2022 23:08:04 1666973284590 Lifecycle[
                          STARTED]
28-10-2022 23:08:06 1666973286589 InvocationProfiler[
                          com.hazelcast.spi.impl.eventservice.impl.operations.RegistrationOperation[
                                  count=1
                                  totalTime(us)=77
                                  avg(us)=77
                                  max(us)=77
                                  latency-distribution[
                                          32..63us=1]]
                          com.hazelcast.client.impl.operations.GetConnectedClientsOperation[
                                  count=1
                                  totalTime(us)=3,532
                                  avg(us)=3,532
                                  max(us)=3,532
                                  latency-distribution[
                                          2048..4095us=1]]
                          com.hazelcast.multimap.impl.operations.PutOperation[
                                  count=4
                                  totalTime(us)=5,887
                                  avg(us)=1,471
                                  max(us)=3,666
                                  latency-distribution[
                                          32..63us=1
                                          64..127us=1
                                          1024..2047us=1
                                          2048..4095us=1]]
                          com.hazelcast.map.impl.operation.PutOperation[
                                  count=1
                                  totalTime(us)=49,531
                                  avg(us)=49,531
                                  max(us)=49,531
                                  latency-distribution[
                                          32768..65535us=1]]]
28-10-2022 23:08:06 1666973286589 OperationsProfiler[
                          com.hazelcast.spi.impl.eventservice.impl.operations.RegistrationOperation[
                                  count=1
                                  totalTime(us)=59
                                  avg(us)=59
                                  max(us)=59
                                  latency-distribution[
                                          32..63us=1]]
                          com.hazelcast.client.impl.operations.GetConnectedClientsOperation[
                                  count=1
                                  totalTime(us)=2,260
                                  avg(us)=2,260
                                  max(us)=2,260
                                  latency-distribution[
                                          1024..2047us=1]]
                          com.hazelcast.multimap.impl.operations.PutOperation[
                                  count=4
                                  totalTime(us)=4,559
                                  avg(us)=1,139
                                  max(us)=3,291
                                  latency-distribution[
                                          128..255us=2
                                          256..511us=1
                                          2048..4095us=1]]
                          com.hazelcast.map.impl.operation.PutOperation[
                                  count=1
                                  totalTime(us)=38,475
                                  avg(us)=38,475
                                  max(us)=38,475
                                  latency-distribution[
                                          16384..32767us=1]]]
28-10-2022 23:08:11 1666973291591 InvocationProfiler[
                          com.hazelcast.multimap.impl.operations.GetAllOperation[
                                  count=1
                                  totalTime(us)=509
                                  avg(us)=509
                                  max(us)=509
                                  latency-distribution[
                                          256..511us=1]]
                          com.hazelcast.spi.impl.eventservice.impl.operations.RegistrationOperation[
                                  count=1
                                  totalTime(us)=77
                                  avg(us)=77
                                  max(us)=77
                                  latency-distribution[
                                          32..63us=1]]
                          com.hazelcast.client.impl.operations.GetConnectedClientsOperation[
                                  count=1
                                  totalTime(us)=3,532
                                  avg(us)=3,532
                                  max(us)=3,532
                                  latency-distribution[
                                          2048..4095us=1]]
                          com.hazelcast.multimap.impl.operations.PutOperation[
                                  count=4
                                  totalTime(us)=5,887
                                  avg(us)=1,471
                                  max(us)=3,666
                                  latency-distribution[
                                          32..63us=1
                                          64..127us=1
                                          1024..2047us=1
                                          2048..4095us=1]]
                          com.hazelcast.map.impl.operation.PutOperation[
                                  count=1
                                  totalTime(us)=49,531
                                  avg(us)=49,531
                                  max(us)=49,531
                                  latency-distribution[
                                          32768..65535us=1]]
                          com.hazelcast.cp.internal.operation.unsafe.UnsafeRaftReplicateOp[
                                  count=9
                                  totalTime(us)=6,618
                                  avg(us)=735
                                  max(us)=3,767
                                  latency-distribution[
                                          64..127us=5
                                          128..255us=2
                                          1024..2047us=1
                                          2048..4095us=1]]]
28-10-2022 23:08:11 1666973291591 OperationsProfiler[
                          com.hazelcast.multimap.impl.operations.GetAllOperation[
                                  count=1
                                  totalTime(us)=460
                                  avg(us)=460
                                  max(us)=460
                                  latency-distribution[
                                          256..511us=1]]
                          com.hazelcast.spi.impl.eventservice.impl.operations.RegistrationOperation[
                                  count=1
                                  totalTime(us)=59
                                  avg(us)=59
                                  max(us)=59
                                  latency-distribution[
                                          32..63us=1]]
                          com.hazelcast.client.impl.operations.GetConnectedClientsOperation[
                                  count=1
                                  totalTime(us)=2,260
                                  avg(us)=2,260
                                  max(us)=2,260
                                  latency-distribution[
                                          1024..2047us=1]]
                          com.hazelcast.multimap.impl.operations.PutOperation[
                                  count=4
                                  totalTime(us)=4,559
                                  avg(us)=1,139
                                  max(us)=3,291
                                  latency-distribution[
                                          128..255us=2
                                          256..511us=1
                                          2048..4095us=1]]
                          com.hazelcast.map.impl.operation.PutOperation[
                                  count=1
                                  totalTime(us)=38,475
                                  avg(us)=38,475
                                  max(us)=38,475
                                  latency-distribution[
                                          16384..32767us=1]]
                          com.hazelcast.cp.internal.operation.unsafe.UnsafeRaftReplicateOp[
                                  count=9
                                  totalTime(us)=6,061
                                  avg(us)=673
                                  max(us)=3,724
                                  latency-distribution[
                                          32..63us=5
                                          64..127us=1
                                          128..255us=1
                                          1024..2047us=1
                                          2048..4095us=1]]]
28-10-2022 23:08:16 1666973296586 InvocationProfiler[
                          com.hazelcast.multimap.impl.operations.GetAllOperation[
                                  count=1
                                  totalTime(us)=509
                                  avg(us)=509
                                  max(us)=509
                                  latency-distribution[
                                          256..511us=1]]
                          com.hazelcast.spi.impl.eventservice.impl.operations.RegistrationOperation[
                                  count=1
                                  totalTime(us)=77
                                  avg(us)=77
                                  max(us)=77
                                  latency-distribution[
                                          32..63us=1]]
                          com.hazelcast.client.impl.operations.GetConnectedClientsOperation[
                                  count=1
                                  totalTime(us)=3,532
                                  avg(us)=3,532
                                  max(us)=3,532
                                  latency-distribution[
                                          2048..4095us=1]]
                          com.hazelcast.multimap.impl.operations.PutOperation[
                                  count=4
                                  totalTime(us)=5,887
                                  avg(us)=1,471
                                  max(us)=3,666
                                  latency-distribution[
                                          32..63us=1
                                          64..127us=1
                                          1024..2047us=1
                                          2048..4095us=1]]
                          com.hazelcast.map.impl.operation.PutOperation[
                                  count=1
                                  totalTime(us)=49,531
                                  avg(us)=49,531
                                  max(us)=49,531
                                  latency-distribution[
                                          32768..65535us=1]]
                          com.hazelcast.cp.internal.operation.unsafe.UnsafeRaftReplicateOp[
                                  count=9
                                  totalTime(us)=6,618
                                  avg(us)=735
                                  max(us)=3,767
                                  latency-distribution[
                                          64..127us=5
                                          128..255us=2
                                          1024..2047us=1
                                          2048..4095us=1]]]
28-10-2022 23:08:16 1666973296586 OperationsProfiler[
                          com.hazelcast.multimap.impl.operations.GetAllOperation[
                                  count=1
                                  totalTime(us)=460
                                  avg(us)=460
                                  max(us)=460
                                  latency-distribution[
                                          256..511us=1]]
                          com.hazelcast.spi.impl.eventservice.impl.operations.RegistrationOperation[
                                  count=1
                                  totalTime(us)=59
                                  avg(us)=59
                                  max(us)=59
                                  latency-distribution[
                                          32..63us=1]]
                          com.hazelcast.client.impl.operations.GetConnectedClientsOperation[
                                  count=1
                                  totalTime(us)=2,260
                                  avg(us)=2,260
                                  max(us)=2,260
                                  latency-distribution[
                                          1024..2047us=1]]
                          com.hazelcast.multimap.impl.operations.PutOperation[
                                  count=4
                                  totalTime(us)=4,559
                                  avg(us)=1,139
                                  max(us)=3,291
                                  latency-distribution[
                                          128..255us=2
                                          256..511us=1
                                          2048..4095us=1]]
                          com.hazelcast.map.impl.operation.PutOperation[
                                  count=1
                                  totalTime(us)=38,475
                                  avg(us)=38,475
                                  max(us)=38,475
                                  latency-distribution[
                                          16384..32767us=1]]
                          com.hazelcast.cp.internal.operation.unsafe.UnsafeRaftReplicateOp[
                                  count=9
                                  totalTime(us)=6,061
                                  avg(us)=673
                                  max(us)=3,724
                                  latency-distribution[
                                          32..63us=5
                                          64..127us=1
                                          128..255us=1
                                          1024..2047us=1
                                          2048..4095us=1]]]
28-10-2022 23:08:21 1666973301591 InvocationProfiler[
                          com.hazelcast.multimap.impl.operations.GetAllOperation[
                                  count=1
                                  totalTime(us)=509
                                  avg(us)=509
                                  max(us)=509
                                  latency-distribution[
                                          256..511us=1]]
                          com.hazelcast.spi.impl.eventservice.impl.operations.RegistrationOperation[
                                  count=1
                                  totalTime(us)=77
                                  avg(us)=77
                                  max(us)=77
                                  latency-distribution[
                                          32..63us=1]]
                          com.hazelcast.client.impl.operations.GetConnectedClientsOperation[
                                  count=1
                                  totalTime(us)=3,532
                                  avg(us)=3,532
                                  max(us)=3,532
                                  latency-distribution[
                                          2048..4095us=1]]
                          com.hazelcast.multimap.impl.operations.PutOperation[
                                  count=4
                                  totalTime(us)=5,887
                                  avg(us)=1,471
                                  max(us)=3,666
                                  latency-distribution[
                                          32..63us=1
                                          64..127us=1
                                          1024..2047us=1
                                          2048..4095us=1]]
                          com.hazelcast.map.impl.operation.PutOperation[
                                  count=1
                                  totalTime(us)=49,531
                                  avg(us)=49,531
                                  max(us)=49,531
                                  latency-distribution[
                                          32768..65535us=1]]
                          com.hazelcast.cp.internal.operation.unsafe.UnsafeRaftReplicateOp[
                                  count=9
                                  totalTime(us)=6,618
                                  avg(us)=735
                                  max(us)=3,767
                                  latency-distribution[
                                          64..127us=5
                                          128..255us=2
                                          1024..2047us=1
                                          2048..4095us=1]]]
28-10-2022 23:08:21 1666973301591 OperationsProfiler[
                          com.hazelcast.multimap.impl.operations.GetAllOperation[
                                  count=1
                                  totalTime(us)=460
                                  avg(us)=460
                                  max(us)=460
                                  latency-distribution[
                                          256..511us=1]]
                          com.hazelcast.spi.impl.eventservice.impl.operations.RegistrationOperation[
                                  count=1
                                  totalTime(us)=59
                                  avg(us)=59
                                  max(us)=59
                                  latency-distribution[
                                          32..63us=1]]
                          com.hazelcast.client.impl.operations.GetConnectedClientsOperation[
                                  count=1
                                  totalTime(us)=2,260
                                  avg(us)=2,260
                                  max(us)=2,260
                                  latency-distribution[
                                          1024..2047us=1]]
                          com.hazelcast.multimap.impl.operations.PutOperation[
                                  count=4
                                  totalTime(us)=4,559
                                  avg(us)=1,139
                                  max(us)=3,291
                                  latency-distribution[
                                          128..255us=2
                                          256..511us=1
                                          2048..4095us=1]]
                          com.hazelcast.map.impl.operation.PutOperation[
                                  count=1
                                  totalTime(us)=38,475
                                  avg(us)=38,475
                                  max(us)=38,475
                                  latency-distribution[
                                          16384..32767us=1]]
                          com.hazelcast.cp.internal.operation.unsafe.UnsafeRaftReplicateOp[
                                  count=9
                                  totalTime(us)=6,061
                                  avg(us)=673
                                  max(us)=3,724
                                  latency-distribution[
                                          32..63us=5
                                          64..127us=1
                                          128..255us=1
                                          1024..2047us=1
                                          2048..4095us=1]]]
